<?xml version="1.0" encoding="UTF-8"?>
<!-- Generated by org.testng.reporters.JUnitXMLReporter -->
<testsuite hostname="DESKTOP-56SS79V" ignored="0" name="Giris" tests="5" failures="0" timestamp="2021-04-16T11:21:00 EET" time="147.619" errors="0">
  <testcase name="basariliGiris" time="19.921" classname="Trendyol_App_Test.BasariliGiris"/>
  <testcase name="yanlisEposta" time="11.838" classname="Trendyol_App_Test.YanlisEposta"/>
  <testcase name="yanlisSifre" time="10.905" classname="Trendyol_App_Test.YanlisSifre"/>
  <testcase name="yetersizKarakterliSifre" time="11.984" classname="Trendyol_App_Test.YetersizKarakterliSifre"/>
  <testcase name="girisNoInput" time="7.044" classname="Trendyol_App_Test.GirisNoInput"/>
</testsuite> <!-- Giris -->
