<?xml version="1.0" encoding="UTF-8"?>
<testsuite xmlns:xsi="http://www.w3.org/2001/XMLSchema-instance" xsi:noNamespaceSchemaLocation="https://maven.apache.org/surefire/maven-surefire-plugin/xsd/surefire-test-report-3.0.xsd" version="3.0" name="TestSuite" time="270.857" tests="16" errors="0" skipped="8" failures="6">
  <properties>
[...]
</properties>
  <testcase name="BeforeMethod" classname="Trendyol_App_Test.BasariliGiris" time="34.519">
    <failure message="Unable to create a new remote session. Please check the server log for more details. Original error: An unknown server-side error occurred while processing the command. Original error: Could not find a connected Android device in 20081ms.&#10;Build info: version: &apos;3.141.59&apos;, revision: &apos;e82be7d358&apos;, time: &apos;2018-11-14T08:17:03&apos;&#10;System info: host: &apos;DESKTOP-56SS79V&apos;, ip: &apos;192.168.1.103&apos;, os.name: &apos;Windows 10&apos;, os.arch: &apos;amd64&apos;, os.version: &apos;10.0&apos;, java.version: &apos;1.8.0_242-release&apos;&#10;Driver info: driver.version: AndroidDriver&#10;remote stacktrace: UnknownError: An unknown server-side error occurred while processing the command. Original error: Could not find a connected Android device in 20081ms.&#10;    at getResponseForW3CError (C:\Users\Ömer\AppData\Roaming\npm\node_modules\appium\node_modules\appium-base-driver\lib\protocol\errors.js:804:9)&#10;    at asyncHandler (C:\Users\Ömer\AppData\Roaming\npm\node_modules\appium\node_modules\appium-base-driver\lib\protocol\protocol.js:380:37)&#10;Build info: version: &apos;3.141.59&apos;, revision: &apos;e82be7d358&apos;, time: &apos;2018-11-14T08:17:03&apos;&#10;System info: host: &apos;DESKTOP-56SS79V&apos;, ip: &apos;192.168.1.103&apos;, os.name: &apos;Windows 10&apos;, os.arch: &apos;amd64&apos;, os.version: &apos;10.0&apos;, java.version: &apos;1.8.0_242-release&apos;&#10;Driver info: driver.version: AndroidDriver" type="org.openqa.selenium.SessionNotCreatedException"><![CDATA[org.openqa.selenium.SessionNotCreatedException: 
Unable to create a new remote session. Please check the server log for more details. Original error: An unknown server-side error occurred while processing the command. Original error: Could not find a connected Android device in 20081ms.
Build info: version: '3.141.59', revision: 'e82be7d358', time: '2018-11-14T08:17:03'
System info: host: 'DESKTOP-56SS79V', ip: '192.168.1.103', os.name: 'Windows 10', os.arch: 'amd64', os.version: '10.0', java.version: '1.8.0_242-release'
Driver info: driver.version: AndroidDriver
remote stacktrace: UnknownError: An unknown server-side error occurred while processing the command. Original error: Could not find a connected Android device in 20081ms.
    at getResponseForW3CError (C:\Users\Ömer\AppData\Roaming\npm\node_modules\appium\node_modules\appium-base-driver\lib\protocol\errors.js:804:9)
    at asyncHandler (C:\Users\Ömer\AppData\Roaming\npm\node_modules\appium\node_modules\appium-base-driver\lib\protocol\protocol.js:380:37)
Build info: version: '3.141.59', revision: 'e82be7d358', time: '2018-11-14T08:17:03'
System info: host: 'DESKTOP-56SS79V', ip: '192.168.1.103', os.name: 'Windows 10', os.arch: 'amd64', os.version: '10.0', java.version: '1.8.0_242-release'
Driver info: driver.version: AndroidDriver
	at Trendyol_App_Test.BasariliGiris.BeforeMethod(BasariliGiris.java:86)
Caused by: java.lang.reflect.InvocationTargetException
	at Trendyol_App_Test.BasariliGiris.BeforeMethod(BasariliGiris.java:86)
Caused by: org.openqa.selenium.WebDriverException: 
An unknown server-side error occurred while processing the command. Original error: Could not find a connected Android device in 20081ms.
Build info: version: '3.141.59', revision: 'e82be7d358', time: '2018-11-14T08:17:03'
System info: host: 'DESKTOP-56SS79V', ip: '192.168.1.103', os.name: 'Windows 10', os.arch: 'amd64', os.version: '10.0', java.version: '1.8.0_242-release'
Driver info: driver.version: AndroidDriver
remote stacktrace: UnknownError: An unknown server-side error occurred while processing the command. Original error: Could not find a connected Android device in 20081ms.
    at getResponseForW3CError (C:\Users\Ömer\AppData\Roaming\npm\node_modules\appium\node_modules\appium-base-driver\lib\protocol\errors.js:804:9)
    at asyncHandler (C:\Users\Ömer\AppData\Roaming\npm\node_modules\appium\node_modules\appium-base-driver\lib\protocol\protocol.js:380:37)
	at Trendyol_App_Test.BasariliGiris.BeforeMethod(BasariliGiris.java:86)
]]></failure>
    <system-out><![CDATA[&amp#27;[35m[Appium]&amp#27;[39m Welcome to Appium v1.20.2
&amp#27;[35m[Appium]&amp#27;[39m Appium REST http interface listener started on 0.0.0.0:4723
&amp#27;[35m[HTTP]&amp#27;[39m &amp#27;[37m-->&amp#27;[39m &amp#27;[37mGET&amp#27;[39m &amp#27;[37m/wd/hub/status&amp#27;[39m
&amp#27;[35m[HTTP]&amp#27;[39m &amp#27;[90m{}&amp#27;[39m
[debug] &amp#27;[35m[GENERIC]&amp#27;[39m Calling AppiumDriver.getStatus() with args: []
[debug] &amp#27;[35m[GENERIC]&amp#27;[39m Responding to client with driver.getStatus() result: {"build":{"version":"1.20.2"}}
&amp#27;[35m[HTTP]&amp#27;[39m &amp#27;[37m<-- GET /wd/hub/status &amp#27;[39m&amp#27;[32m200&amp#27;[39m &amp#27;[90m5 ms - 68&amp#27;[39m
&amp#27;[35m[HTTP]&amp#27;[39m &amp#27;[90m&amp#27;[39m
[debug] &amp#27;[35m[HTTP]&amp#27;[39m Request idempotency key: 51cbe4e6-fdb7-40d3-a080-e99265801e85
&amp#27;[35m[HTTP]&amp#27;[39m &amp#27;[37m-->&amp#27;[39m &amp#27;[37mPOST&amp#27;[39m &amp#27;[37m/wd/hub/session&amp#27;[39m
&amp#27;[35m[HTTP]&amp#27;[39m &amp#27;[90m{"desiredCapabilities":{"app":"C:\\Users\\Ã–mer\\eclipse-workspace\\TrendyolFramework\\src\\trendyol-5-8-2-512.apk","automationName":"uiautomator2","platformName":"Android","version":"9.0","newCommandTimeout":14},"capabilities":{"firstMatch":[{"appium:app":"C:\\Users\\Ã–mer\\eclipse-workspace\\TrendyolFramework\\src\\trendyol-5-8-2-512.apk","appium:automationName":"uiautomator2","appium:newCommandTimeout":14,"platformName":"android","version":"9.0"}]}}&amp#27;[39m
[debug] &amp#27;[35m[W3C]&amp#27;[39m Calling AppiumDriver.createSession() with args: [{"app":"C:\\Users\\Ã–mer\\eclipse-workspace\\TrendyolFramework\\src\\trendyol-5-8-2-512.apk","automationName":"uiautomator2","platformName":"Android","version":"9.0","newCommandTimeout":14},null,{"firstMatch":[{"appium:app":"C:\\Users\\Ã–mer\\eclipse-workspace\\TrendyolFramework\\src\\trendyol-5-8-2-512.apk","appium:automationName":"uiautomator2","appium:newCommandTimeout":14,"platformName":"android","version":"9.0"}]}]
[debug] &amp#27;[35m[BaseDriver]&amp#27;[39m Event 'newSessionRequested' logged at 1618560821120 (11:13:41 GMT+0300 (GMT+03:00))
&amp#27;[35m[BaseDriver]&amp#27;[39m The following capabilities are not standard capabilities and should have an extension prefix:
&amp#27;[35m[BaseDriver]&amp#27;[39m   version
&amp#27;[35m[Appium]&amp#27;[39m Appium v1.20.2 creating new AndroidUiautomator2Driver (v1.61.2) session
[debug] &amp#27;[35m[BaseDriver]&amp#27;[39m W3C capabilities and MJSONWP desired capabilities were provided
[debug] &amp#27;[35m[BaseDriver]&amp#27;[39m Creating session with W3C capabilities: {
[debug] &amp#27;[35m[BaseDriver]&amp#27;[39m   "alwaysMatch": {
[debug] &amp#27;[35m[BaseDriver]&amp#27;[39m     "platformName": "android",
[debug] &amp#27;[35m[BaseDriver]&amp#27;[39m     "appium:version": "9.0",
[debug] &amp#27;[35m[BaseDriver]&amp#27;[39m     "appium:app": "C:\\Users\\Ã–mer\\eclipse-workspace\\TrendyolFramework\\src\\trendyol-5-8-2-512.apk",
[debug] &amp#27;[35m[BaseDriver]&amp#27;[39m     "appium:automationName": "uiautomator2",
[debug] &amp#27;[35m[BaseDriver]&amp#27;[39m     "appium:newCommandTimeout": 14
[debug] &amp#27;[35m[BaseDriver]&amp#27;[39m   },
[debug] &amp#27;[35m[BaseDriver]&amp#27;[39m   "firstMatch": [
[debug] &amp#27;[35m[BaseDriver]&amp#27;[39m     {}
[debug] &amp#27;[35m[BaseDriver]&amp#27;[39m   ]
[debug] &amp#27;[35m[BaseDriver]&amp#27;[39m }
&amp#27;[35m[BaseDriver]&amp#27;[39m The following capabilities were provided, but are not recognized by Appium:
&amp#27;[35m[BaseDriver]&amp#27;[39m   version
&amp#27;[35m[BaseDriver]&amp#27;[39m Session created with session id: 827a9afc-849e-4b45-aaff-f9f7f7957695
&amp#27;[35m[BaseDriver]&amp#27;[39m Using local app 'C:\Users\Ã–mer\eclipse-workspace\TrendyolFramework\src\trendyol-5-8-2-512.apk'
[debug] &amp#27;[35m[UiAutomator2]&amp#27;[39m Checking whether app is actually present
&amp#27;[35m[ADB]&amp#27;[39m Found 2 'build-tools' folders under 'D:\sdk' (newest first):
&amp#27;[35m[ADB]&amp#27;[39m     D:/sdk/build-tools/31.0.0-rc2
&amp#27;[35m[ADB]&amp#27;[39m     D:/sdk/build-tools/30.0.1
&amp#27;[35m[ADB]&amp#27;[39m Using 'adb.exe' from 'D:\sdk\platform-tools\adb.exe'
[debug] &amp#27;[35m[ADB]&amp#27;[39m Running 'D:\sdk\platform-tools\adb.exe -P 5037 start-server'
&amp#27;[35m[AndroidDriver]&amp#27;[39m Retrieving device list
[debug] &amp#27;[35m[ADB]&amp#27;[39m Trying to find a connected android device
[debug] &amp#27;[35m[ADB]&amp#27;[39m Getting connected devices
[debug] &amp#27;[35m[ADB]&amp#27;[39m No connected devices have been detected
[debug] &amp#27;[35m[ADB]&amp#27;[39m Could not find online devices
[debug] &amp#27;[35m[ADB]&amp#27;[39m Reconnecting adb (target offline)
[debug] &amp#27;[35m[ADB]&amp#27;[39m Running 'D:\sdk\platform-tools\adb.exe -P 5037 reconnect offline'
[debug] &amp#27;[35m[ADB]&amp#27;[39m Getting connected devices
[debug] &amp#27;[35m[ADB]&amp#27;[39m No connected devices have been detected
[debug] &amp#27;[35m[ADB]&amp#27;[39m Could not find online devices
[debug] &amp#27;[35m[ADB]&amp#27;[39m Reconnecting adb (target offline)
[debug] &amp#27;[35m[ADB]&amp#27;[39m Running 'D:\sdk\platform-tools\adb.exe -P 5037 reconnect offline'
[debug] &amp#27;[35m[ADB]&amp#27;[39m Getting connected devices
[debug] &amp#27;[35m[ADB]&amp#27;[39m No connected devices have been detected
[debug] &amp#27;[35m[ADB]&amp#27;[39m Could not find online devices
[debug] &amp#27;[35m[ADB]&amp#27;[39m Reconnecting adb (target offline)
[debug] &amp#27;[35m[ADB]&amp#27;[39m Running 'D:\sdk\platform-tools\adb.exe -P 5037 reconnect offline'
[debug] &amp#27;[35m[ADB]&amp#27;[39m Getting connected devices
[debug] &amp#27;[35m[ADB]&amp#27;[39m No connected devices have been detected
[debug] &amp#27;[35m[ADB]&amp#27;[39m Could not find online devices
[debug] &amp#27;[35m[ADB]&amp#27;[39m Reconnecting adb (target offline)
[debug] &amp#27;[35m[ADB]&amp#27;[39m Running 'D:\sdk\platform-tools\adb.exe -P 5037 reconnect offline'
[debug] &amp#27;[35m[ADB]&amp#27;[39m Getting connected devices
[debug] &amp#27;[35m[ADB]&amp#27;[39m No connected devices have been detected
[debug] &amp#27;[35m[ADB]&amp#27;[39m Could not find online devices
[debug] &amp#27;[35m[ADB]&amp#27;[39m Reconnecting adb (target offline)
[debug] &amp#27;[35m[ADB]&amp#27;[39m Running 'D:\sdk\platform-tools\adb.exe -P 5037 reconnect offline'
[debug] &amp#27;[35m[ADB]&amp#27;[39m Getting connected devices
[debug] &amp#27;[35m[ADB]&amp#27;[39m No connected devices have been detected
[debug] &amp#27;[35m[ADB]&amp#27;[39m Could not find online devices
[debug] &amp#27;[35m[ADB]&amp#27;[39m Reconnecting adb (target offline)
[debug] &amp#27;[35m[ADB]&amp#27;[39m Running 'D:\sdk\platform-tools\adb.exe -P 5037 reconnect offline'
[debug] &amp#27;[35m[ADB]&amp#27;[39m Getting connected devices
[debug] &amp#27;[35m[ADB]&amp#27;[39m No connected devices have been detected
[debug] &amp#27;[35m[ADB]&amp#27;[39m Could not find online devices
[debug] &amp#27;[35m[ADB]&amp#27;[39m Reconnecting adb (target offline)
[debug] &amp#27;[35m[ADB]&amp#27;[39m Running 'D:\sdk\platform-tools\adb.exe -P 5037 reconnect offline'
[debug] &amp#27;[35m[ADB]&amp#27;[39m Getting connected devices
[debug] &amp#27;[35m[ADB]&amp#27;[39m No connected devices have been detected
[debug] &amp#27;[35m[ADB]&amp#27;[39m Could not find online devices
[debug] &amp#27;[35m[ADB]&amp#27;[39m Reconnecting adb (target offline)
[debug] &amp#27;[35m[ADB]&amp#27;[39m Running 'D:\sdk\platform-tools\adb.exe -P 5037 reconnect offline'
[debug] &amp#27;[35m[ADB]&amp#27;[39m Getting connected devices
[debug] &amp#27;[35m[ADB]&amp#27;[39m No connected devices have been detected
[debug] &amp#27;[35m[ADB]&amp#27;[39m Could not find online devices
[debug] &amp#27;[35m[ADB]&amp#27;[39m Reconnecting adb (target offline)
[debug] &amp#27;[35m[ADB]&amp#27;[39m Running 'D:\sdk\platform-tools\adb.exe -P 5037 reconnect offline'
[debug] &amp#27;[35m[ADB]&amp#27;[39m Getting connected devices
[debug] &amp#27;[35m[ADB]&amp#27;[39m No connected devices have been detected
[debug] &amp#27;[35m[ADB]&amp#27;[39m Could not find online devices
[debug] &amp#27;[35m[ADB]&amp#27;[39m Reconnecting adb (target offline)
[debug] &amp#27;[35m[ADB]&amp#27;[39m Running 'D:\sdk\platform-tools\adb.exe -P 5037 reconnect offline'
[debug] &amp#27;[35m[ADB]&amp#27;[39m Getting connected devices
[debug] &amp#27;[35m[ADB]&amp#27;[39m No connected devices have been detected
[debug] &amp#27;[35m[ADB]&amp#27;[39m Could not find online devices
[debug] &amp#27;[35m[ADB]&amp#27;[39m Reconnecting adb (target offline)
[debug] &amp#27;[35m[ADB]&amp#27;[39m Running 'D:\sdk\platform-tools\adb.exe -P 5037 reconnect offline'
[debug] &amp#27;[35m[ADB]&amp#27;[39m Getting connected devices
[debug] &amp#27;[35m[ADB]&amp#27;[39m No connected devices have been detected
[debug] &amp#27;[35m[ADB]&amp#27;[39m Could not find online devices
[debug] &amp#27;[35m[ADB]&amp#27;[39m Reconnecting adb (target offline)
[debug] &amp#27;[35m[ADB]&amp#27;[39m Running 'D:\sdk\platform-tools\adb.exe -P 5037 reconnect offline'
[debug] &amp#27;[35m[ADB]&amp#27;[39m Getting connected devices
[debug] &amp#27;[35m[ADB]&amp#27;[39m No connected devices have been detected
[debug] &amp#27;[35m[ADB]&amp#27;[39m Could not find online devices
[debug] &amp#27;[35m[ADB]&amp#27;[39m Reconnecting adb (target offline)
[debug] &amp#27;[35m[ADB]&amp#27;[39m Running 'D:\sdk\platform-tools\adb.exe -P 5037 reconnect offline'
[debug] &amp#27;[35m[ADB]&amp#27;[39m Getting connected devices
[debug] &amp#27;[35m[ADB]&amp#27;[39m No connected devices have been detected
[debug] &amp#27;[35m[ADB]&amp#27;[39m Could not find online devices
[debug] &amp#27;[35m[ADB]&amp#27;[39m Reconnecting adb (target offline)
[debug] &amp#27;[35m[ADB]&amp#27;[39m Running 'D:\sdk\platform-tools\adb.exe -P 5037 reconnect offline'
[debug] &amp#27;[35m[ADB]&amp#27;[39m Getting connected devices
[debug] &amp#27;[35m[ADB]&amp#27;[39m No connected devices have been detected
[debug] &amp#27;[35m[ADB]&amp#27;[39m Could not find online devices
[debug] &amp#27;[35m[ADB]&amp#27;[39m Reconnecting adb (target offline)
[debug] &amp#27;[35m[ADB]&amp#27;[39m Running 'D:\sdk\platform-tools\adb.exe -P 5037 reconnect offline'
[debug] &amp#27;[35m[ADB]&amp#27;[39m Getting connected devices
[debug] &amp#27;[35m[ADB]&amp#27;[39m No connected devices have been detected
[debug] &amp#27;[35m[ADB]&amp#27;[39m Could not find online devices
[debug] &amp#27;[35m[ADB]&amp#27;[39m Reconnecting adb (target offline)
[debug] &amp#27;[35m[ADB]&amp#27;[39m Running 'D:\sdk\platform-tools\adb.exe -P 5037 reconnect offline'
[debug] &amp#27;[35m[ADB]&amp#27;[39m Getting connected devices
[debug] &amp#27;[35m[ADB]&amp#27;[39m No connected devices have been detected
[debug] &amp#27;[35m[ADB]&amp#27;[39m Could not find online devices
[debug] &amp#27;[35m[ADB]&amp#27;[39m Reconnecting adb (target offline)
[debug] &amp#27;[35m[ADB]&amp#27;[39m Running 'D:\sdk\platform-tools\adb.exe -P 5037 reconnect offline'
[debug] &amp#27;[35m[ADB]&amp#27;[39m Getting connected devices
[debug] &amp#27;[35m[ADB]&amp#27;[39m No connected devices have been detected
[debug] &amp#27;[35m[ADB]&amp#27;[39m Could not find online devices
[debug] &amp#27;[35m[ADB]&amp#27;[39m Reconnecting adb (target offline)
[debug] &amp#27;[35m[ADB]&amp#27;[39m Running 'D:\sdk\platform-tools\adb.exe -P 5037 reconnect offline'
[debug] &amp#27;[35m[ADB]&amp#27;[39m Getting connected devices
[debug] &amp#27;[35m[ADB]&amp#27;[39m No connected devices have been detected
[debug] &amp#27;[35m[ADB]&amp#27;[39m Could not find online devices
[debug] &amp#27;[35m[ADB]&amp#27;[39m Reconnecting adb (target offline)
[debug] &amp#27;[35m[ADB]&amp#27;[39m Running 'D:\sdk\platform-tools\adb.exe -P 5037 reconnect offline'
[debug] &amp#27;[35m[ADB]&amp#27;[39m Getting connected devices
[debug] &amp#27;[35m[ADB]&amp#27;[39m No connected devices have been detected
[debug] &amp#27;[35m[ADB]&amp#27;[39m Could not find online devices
[debug] &amp#27;[35m[ADB]&amp#27;[39m Reconnecting adb (target offline)
[debug] &amp#27;[35m[ADB]&amp#27;[39m Running 'D:\sdk\platform-tools\adb.exe -P 5037 reconnect offline'
[debug] &amp#27;[35m[ADB]&amp#27;[39m Getting connected devices
[debug] &amp#27;[35m[ADB]&amp#27;[39m No connected devices have been detected
[debug] &amp#27;[35m[ADB]&amp#27;[39m Could not find online devices
[debug] &amp#27;[35m[ADB]&amp#27;[39m Reconnecting adb (target offline)
[debug] &amp#27;[35m[ADB]&amp#27;[39m Running 'D:\sdk\platform-tools\adb.exe -P 5037 reconnect offline'
[debug] &amp#27;[35m[ADB]&amp#27;[39m Getting connected devices
[debug] &amp#27;[35m[ADB]&amp#27;[39m No connected devices have been detected
[debug] &amp#27;[35m[ADB]&amp#27;[39m Could not find online devices
[debug] &amp#27;[35m[ADB]&amp#27;[39m Reconnecting adb (target offline)
[debug] &amp#27;[35m[ADB]&amp#27;[39m Running 'D:\sdk\platform-tools\adb.exe -P 5037 reconnect offline'
[debug] &amp#27;[35m[ADB]&amp#27;[39m Getting connected devices
[debug] &amp#27;[35m[ADB]&amp#27;[39m No connected devices have been detected
[debug] &amp#27;[35m[ADB]&amp#27;[39m Could not find online devices
[debug] &amp#27;[35m[ADB]&amp#27;[39m Reconnecting adb (target offline)
[debug] &amp#27;[35m[ADB]&amp#27;[39m Running 'D:\sdk\platform-tools\adb.exe -P 5037 reconnect offline'
[debug] &amp#27;[35m[ADB]&amp#27;[39m Getting connected devices
[debug] &amp#27;[35m[ADB]&amp#27;[39m No connected devices have been detected
[debug] &amp#27;[35m[ADB]&amp#27;[39m Could not find online devices
[debug] &amp#27;[35m[ADB]&amp#27;[39m Reconnecting adb (target offline)
[debug] &amp#27;[35m[ADB]&amp#27;[39m Running 'D:\sdk\platform-tools\adb.exe -P 5037 reconnect offline'
[debug] &amp#27;[35m[ADB]&amp#27;[39m Getting connected devices
[debug] &amp#27;[35m[ADB]&amp#27;[39m No connected devices have been detected
[debug] &amp#27;[35m[ADB]&amp#27;[39m Could not find online devices
[debug] &amp#27;[35m[ADB]&amp#27;[39m Reconnecting adb (target offline)
[debug] &amp#27;[35m[ADB]&amp#27;[39m Running 'D:\sdk\platform-tools\adb.exe -P 5037 reconnect offline'
[debug] &amp#27;[35m[ADB]&amp#27;[39m Getting connected devices
[debug] &amp#27;[35m[ADB]&amp#27;[39m No connected devices have been detected
[debug] &amp#27;[35m[ADB]&amp#27;[39m Could not find online devices
[debug] &amp#27;[35m[ADB]&amp#27;[39m Reconnecting adb (target offline)
[debug] &amp#27;[35m[ADB]&amp#27;[39m Running 'D:\sdk\platform-tools\adb.exe -P 5037 reconnect offline'
[debug] &amp#27;[35m[ADB]&amp#27;[39m Getting connected devices
[debug] &amp#27;[35m[ADB]&amp#27;[39m No connected devices have been detected
[debug] &amp#27;[35m[ADB]&amp#27;[39m Could not find online devices
[debug] &amp#27;[35m[ADB]&amp#27;[39m Reconnecting adb (target offline)
[debug] &amp#27;[35m[ADB]&amp#27;[39m Running 'D:\sdk\platform-tools\adb.exe -P 5037 reconnect offline'
[debug] &amp#27;[35m[ADB]&amp#27;[39m Getting connected devices
[debug] &amp#27;[35m[ADB]&amp#27;[39m No connected devices have been detected
[debug] &amp#27;[35m[ADB]&amp#27;[39m Could not find online devices
[debug] &amp#27;[35m[ADB]&amp#27;[39m Reconnecting adb (target offline)
[debug] &amp#27;[35m[ADB]&amp#27;[39m Running 'D:\sdk\platform-tools\adb.exe -P 5037 reconnect offline'
[debug] &amp#27;[35m[ADB]&amp#27;[39m Getting connected devices
[debug] &amp#27;[35m[ADB]&amp#27;[39m No connected devices have been detected
[debug] &amp#27;[35m[ADB]&amp#27;[39m Could not find online devices
[debug] &amp#27;[35m[ADB]&amp#27;[39m Reconnecting adb (target offline)
[debug] &amp#27;[35m[ADB]&amp#27;[39m Running 'D:\sdk\platform-tools\adb.exe -P 5037 reconnect offline'
[debug] &amp#27;[35m[ADB]&amp#27;[39m Getting connected devices
[debug] &amp#27;[35m[ADB]&amp#27;[39m No connected devices have been detected
[debug] &amp#27;[35m[ADB]&amp#27;[39m Could not find online devices
[debug] &amp#27;[35m[ADB]&amp#27;[39m Reconnecting adb (target offline)
[debug] &amp#27;[35m[ADB]&amp#27;[39m Running 'D:\sdk\platform-tools\adb.exe -P 5037 reconnect offline'
[debug] &amp#27;[35m[ADB]&amp#27;[39m Getting connected devices
[debug] &amp#27;[35m[ADB]&amp#27;[39m No connected devices have been detected
[debug] &amp#27;[35m[ADB]&amp#27;[39m Could not find online devices
[debug] &amp#27;[35m[ADB]&amp#27;[39m Reconnecting adb (target offline)
[debug] &amp#27;[35m[ADB]&amp#27;[39m Running 'D:\sdk\platform-tools\adb.exe -P 5037 reconnect offline'
[debug] &amp#27;[35m[ADB]&amp#27;[39m Getting connected devices
[debug] &amp#27;[35m[ADB]&amp#27;[39m No connected devices have been detected
[debug] &amp#27;[35m[ADB]&amp#27;[39m Could not find online devices
[debug] &amp#27;[35m[ADB]&amp#27;[39m Reconnecting adb (target offline)
[debug] &amp#27;[35m[ADB]&amp#27;[39m Running 'D:\sdk\platform-tools\adb.exe -P 5037 reconnect offline'
[debug] &amp#27;[35m[ADB]&amp#27;[39m Getting connected devices
[debug] &amp#27;[35m[ADB]&amp#27;[39m No connected devices have been detected
[debug] &amp#27;[35m[ADB]&amp#27;[39m Could not find online devices
[debug] &amp#27;[35m[ADB]&amp#27;[39m Reconnecting adb (target offline)
[debug] &amp#27;[35m[ADB]&amp#27;[39m Running 'D:\sdk\platform-tools\adb.exe -P 5037 reconnect offline'
[debug] &amp#27;[35m[ADB]&amp#27;[39m Getting connected devices
[debug] &amp#27;[35m[ADB]&amp#27;[39m No connected devices have been detected
[debug] &amp#27;[35m[ADB]&amp#27;[39m Could not find online devices
[debug] &amp#27;[35m[ADB]&amp#27;[39m Reconnecting adb (target offline)
[debug] &amp#27;[35m[ADB]&amp#27;[39m Running 'D:\sdk\platform-tools\adb.exe -P 5037 reconnect offline'
[debug] &amp#27;[35m[ADB]&amp#27;[39m Getting connected devices
[debug] &amp#27;[35m[ADB]&amp#27;[39m No connected devices have been detected
[debug] &amp#27;[35m[ADB]&amp#27;[39m Could not find online devices
[debug] &amp#27;[35m[ADB]&amp#27;[39m Reconnecting adb (target offline)
[debug] &amp#27;[35m[ADB]&amp#27;[39m Running 'D:\sdk\platform-tools\adb.exe -P 5037 reconnect offline'
[debug] &amp#27;[35m[ADB]&amp#27;[39m Getting connected devices
[debug] &amp#27;[35m[ADB]&amp#27;[39m No connected devices have been detected
[debug] &amp#27;[35m[ADB]&amp#27;[39m Could not find online devices
[debug] &amp#27;[35m[ADB]&amp#27;[39m Reconnecting adb (target offline)
[debug] &amp#27;[35m[ADB]&amp#27;[39m Running 'D:\sdk\platform-tools\adb.exe -P 5037 reconnect offline'
[debug] &amp#27;[35m[ADB]&amp#27;[39m Getting connected devices
[debug] &amp#27;[35m[ADB]&amp#27;[39m No connected devices have been detected
[debug] &amp#27;[35m[ADB]&amp#27;[39m Could not find online devices
[debug] &amp#27;[35m[ADB]&amp#27;[39m Reconnecting adb (target offline)
[debug] &amp#27;[35m[ADB]&amp#27;[39m Running 'D:\sdk\platform-tools\adb.exe -P 5037 reconnect offline'
[debug] &amp#27;[35m[ADB]&amp#27;[39m Getting connected devices
[debug] &amp#27;[35m[ADB]&amp#27;[39m No connected devices have been detected
[debug] &amp#27;[35m[ADB]&amp#27;[39m Could not find online devices
[debug] &amp#27;[35m[ADB]&amp#27;[39m Reconnecting adb (target offline)
[debug] &amp#27;[35m[ADB]&amp#27;[39m Running 'D:\sdk\platform-tools\adb.exe -P 5037 reconnect offline'
[debug] &amp#27;[35m[ADB]&amp#27;[39m Getting connected devices
[debug] &amp#27;[35m[ADB]&amp#27;[39m No connected devices have been detected
[debug] &amp#27;[35m[ADB]&amp#27;[39m Could not find online devices
[debug] &amp#27;[35m[ADB]&amp#27;[39m Reconnecting adb (target offline)
[debug] &amp#27;[35m[ADB]&amp#27;[39m Running 'D:\sdk\platform-tools\adb.exe -P 5037 reconnect offline'
[debug] &amp#27;[35m[ADB]&amp#27;[39m Getting connected devices
[debug] &amp#27;[35m[ADB]&amp#27;[39m No connected devices have been detected
[debug] &amp#27;[35m[ADB]&amp#27;[39m Could not find online devices
[debug] &amp#27;[35m[ADB]&amp#27;[39m Reconnecting adb (target offline)
[debug] &amp#27;[35m[ADB]&amp#27;[39m Running 'D:\sdk\platform-tools\adb.exe -P 5037 reconnect offline'
[debug] &amp#27;[35m[ADB]&amp#27;[39m Getting connected devices
[debug] &amp#27;[35m[ADB]&amp#27;[39m No connected devices have been detected
[debug] &amp#27;[35m[ADB]&amp#27;[39m Could not find online devices
[debug] &amp#27;[35m[ADB]&amp#27;[39m Reconnecting adb (target offline)
[debug] &amp#27;[35m[ADB]&amp#27;[39m Running 'D:\sdk\platform-tools\adb.exe -P 5037 reconnect offline'
[debug] &amp#27;[35m[ADB]&amp#27;[39m Getting connected devices
[debug] &amp#27;[35m[ADB]&amp#27;[39m No connected devices have been detected
[debug] &amp#27;[35m[ADB]&amp#27;[39m Could not find online devices
[debug] &amp#27;[35m[ADB]&amp#27;[39m Reconnecting adb (target offline)
[debug] &amp#27;[35m[ADB]&amp#27;[39m Running 'D:\sdk\platform-tools\adb.exe -P 5037 reconnect offline'
[debug] &amp#27;[35m[ADB]&amp#27;[39m Getting connected devices
[debug] &amp#27;[35m[ADB]&amp#27;[39m No connected devices have been detected
[debug] &amp#27;[35m[ADB]&amp#27;[39m Could not find online devices
[debug] &amp#27;[35m[ADB]&amp#27;[39m Reconnecting adb (target offline)
[debug] &amp#27;[35m[ADB]&amp#27;[39m Running 'D:\sdk\platform-tools\adb.exe -P 5037 reconnect offline'
[debug] &amp#27;[35m[ADB]&amp#27;[39m Getting connected devices
[debug] &amp#27;[35m[ADB]&amp#27;[39m No connected devices have been detected
[debug] &amp#27;[35m[ADB]&amp#27;[39m Could not find online devices
[debug] &amp#27;[35m[ADB]&amp#27;[39m Reconnecting adb (target offline)
[debug] &amp#27;[35m[ADB]&amp#27;[39m Running 'D:\sdk\platform-tools\adb.exe -P 5037 reconnect offline'
[debug] &amp#27;[35m[ADB]&amp#27;[39m Getting connected devices
[debug] &amp#27;[35m[ADB]&amp#27;[39m No connected devices have been detected
[debug] &amp#27;[35m[ADB]&amp#27;[39m Could not find online devices
[debug] &amp#27;[35m[ADB]&amp#27;[39m Reconnecting adb (target offline)
[debug] &amp#27;[35m[ADB]&amp#27;[39m Running 'D:\sdk\platform-tools\adb.exe -P 5037 reconnect offline'
[debug] &amp#27;[35m[ADB]&amp#27;[39m Getting connected devices
[debug] &amp#27;[35m[ADB]&amp#27;[39m No connected devices have been detected
[debug] &amp#27;[35m[ADB]&amp#27;[39m Could not find online devices
[debug] &amp#27;[35m[ADB]&amp#27;[39m Reconnecting adb (target offline)
[debug] &amp#27;[35m[ADB]&amp#27;[39m Running 'D:\sdk\platform-tools\adb.exe -P 5037 reconnect offline'
[debug] &amp#27;[35m[ADB]&amp#27;[39m Getting connected devices
[debug] &amp#27;[35m[ADB]&amp#27;[39m No connected devices have been detected
[debug] &amp#27;[35m[ADB]&amp#27;[39m Could not find online devices
[debug] &amp#27;[35m[ADB]&amp#27;[39m Reconnecting adb (target offline)
[debug] &amp#27;[35m[ADB]&amp#27;[39m Running 'D:\sdk\platform-tools\adb.exe -P 5037 reconnect offline'
[debug] &amp#27;[35m[ADB]&amp#27;[39m Getting connected devices
[debug] &amp#27;[35m[ADB]&amp#27;[39m No connected devices have been detected
[debug] &amp#27;[35m[ADB]&amp#27;[39m Could not find online devices
[debug] &amp#27;[35m[ADB]&amp#27;[39m Reconnecting adb (target offline)
[debug] &amp#27;[35m[ADB]&amp#27;[39m Running 'D:\sdk\platform-tools\adb.exe -P 5037 reconnect offline'
[debug] &amp#27;[35m[ADB]&amp#27;[39m Getting connected devices
[debug] &amp#27;[35m[ADB]&amp#27;[39m No connected devices have been detected
[debug] &amp#27;[35m[ADB]&amp#27;[39m Could not find online devices
[debug] &amp#27;[35m[ADB]&amp#27;[39m Reconnecting adb (target offline)
[debug] &amp#27;[35m[ADB]&amp#27;[39m Running 'D:\sdk\platform-tools\adb.exe -P 5037 reconnect offline'
[debug] &amp#27;[35m[ADB]&amp#27;[39m Getting connected devices
[debug] &amp#27;[35m[ADB]&amp#27;[39m No connected devices have been detected
[debug] &amp#27;[35m[ADB]&amp#27;[39m Could not find online devices
[debug] &amp#27;[35m[ADB]&amp#27;[39m Reconnecting adb (target offline)
[debug] &amp#27;[35m[ADB]&amp#27;[39m Running 'D:\sdk\platform-tools\adb.exe -P 5037 reconnect offline'
[debug] &amp#27;[35m[ADB]&amp#27;[39m Getting connected devices
[debug] &amp#27;[35m[ADB]&amp#27;[39m No connected devices have been detected
[debug] &amp#27;[35m[ADB]&amp#27;[39m Could not find online devices
[debug] &amp#27;[35m[ADB]&amp#27;[39m Reconnecting adb (target offline)
[debug] &amp#27;[35m[ADB]&amp#27;[39m Running 'D:\sdk\platform-tools\adb.exe -P 5037 reconnect offline'
[debug] &amp#27;[35m[ADB]&amp#27;[39m Getting connected devices
[debug] &amp#27;[35m[ADB]&amp#27;[39m No connected devices have been detected
[debug] &amp#27;[35m[ADB]&amp#27;[39m Could not find online devices
[debug] &amp#27;[35m[ADB]&amp#27;[39m Reconnecting adb (target offline)
[debug] &amp#27;[35m[ADB]&amp#27;[39m Running 'D:\sdk\platform-tools\adb.exe -P 5037 reconnect offline'
[debug] &amp#27;[35m[ADB]&amp#27;[39m Getting connected devices
[debug] &amp#27;[35m[ADB]&amp#27;[39m No connected devices have been detected
[debug] &amp#27;[35m[ADB]&amp#27;[39m Could not find online devices
[debug] &amp#27;[35m[ADB]&amp#27;[39m Reconnecting adb (target offline)
[debug] &amp#27;[35m[ADB]&amp#27;[39m Running 'D:\sdk\platform-tools\adb.exe -P 5037 reconnect offline'
[debug] &amp#27;[35m[ADB]&amp#27;[39m Getting connected devices
[debug] &amp#27;[35m[ADB]&amp#27;[39m No connected devices have been detected
[debug] &amp#27;[35m[ADB]&amp#27;[39m Could not find online devices
[debug] &amp#27;[35m[ADB]&amp#27;[39m Reconnecting adb (target offline)
[debug] &amp#27;[35m[ADB]&amp#27;[39m Running 'D:\sdk\platform-tools\adb.exe -P 5037 reconnect offline'
[debug] &amp#27;[35m[ADB]&amp#27;[39m Getting connected devices
[debug] &amp#27;[35m[ADB]&amp#27;[39m No connected devices have been detected
[debug] &amp#27;[35m[ADB]&amp#27;[39m Could not find online devices
[debug] &amp#27;[35m[ADB]&amp#27;[39m Reconnecting adb (target offline)
[debug] &amp#27;[35m[ADB]&amp#27;[39m Running 'D:\sdk\platform-tools\adb.exe -P 5037 reconnect offline'
[debug] &amp#27;[35m[ADB]&amp#27;[39m Getting connected devices
[debug] &amp#27;[35m[ADB]&amp#27;[39m No connected devices have been detected
[debug] &amp#27;[35m[ADB]&amp#27;[39m Could not find online devices
[debug] &amp#27;[35m[ADB]&amp#27;[39m Reconnecting adb (target offline)
[debug] &amp#27;[35m[ADB]&amp#27;[39m Running 'D:\sdk\platform-tools\adb.exe -P 5037 reconnect offline'
[debug] &amp#27;[35m[ADB]&amp#27;[39m Getting connected devices
[debug] &amp#27;[35m[ADB]&amp#27;[39m No connected devices have been detected
[debug] &amp#27;[35m[ADB]&amp#27;[39m Could not find online devices
[debug] &amp#27;[35m[ADB]&amp#27;[39m Reconnecting adb (target offline)
[debug] &amp#27;[35m[ADB]&amp#27;[39m Running 'D:\sdk\platform-tools\adb.exe -P 5037 reconnect offline'
[debug] &amp#27;[35m[ADB]&amp#27;[39m Getting connected devices
[debug] &amp#27;[35m[ADB]&amp#27;[39m No connected devices have been detected
[debug] &amp#27;[35m[ADB]&amp#27;[39m Could not find online devices
[debug] &amp#27;[35m[ADB]&amp#27;[39m Reconnecting adb (target offline)
[debug] &amp#27;[35m[ADB]&amp#27;[39m Running 'D:\sdk\platform-tools\adb.exe -P 5037 reconnect offline'
[debug] &amp#27;[35m[ADB]&amp#27;[39m Getting connected devices
[debug] &amp#27;[35m[ADB]&amp#27;[39m No connected devices have been detected
[debug] &amp#27;[35m[ADB]&amp#27;[39m Could not find online devices
[debug] &amp#27;[35m[ADB]&amp#27;[39m Reconnecting adb (target offline)
[debug] &amp#27;[35m[ADB]&amp#27;[39m Running 'D:\sdk\platform-tools\adb.exe -P 5037 reconnect offline'
[debug] &amp#27;[35m[ADB]&amp#27;[39m Getting connected devices
[debug] &amp#27;[35m[ADB]&amp#27;[39m No connected devices have been detected
[debug] &amp#27;[35m[ADB]&amp#27;[39m Could not find online devices
[debug] &amp#27;[35m[ADB]&amp#27;[39m Reconnecting adb (target offline)
[debug] &amp#27;[35m[ADB]&amp#27;[39m Running 'D:\sdk\platform-tools\adb.exe -P 5037 reconnect offline'
[debug] &amp#27;[35m[ADB]&amp#27;[39m Getting connected devices
[debug] &amp#27;[35m[ADB]&amp#27;[39m No connected devices have been detected
[debug] &amp#27;[35m[ADB]&amp#27;[39m Could not find online devices
[debug] &amp#27;[35m[ADB]&amp#27;[39m Reconnecting adb (target offline)
[debug] &amp#27;[35m[ADB]&amp#27;[39m Running 'D:\sdk\platform-tools\adb.exe -P 5037 reconnect offline'
[debug] &amp#27;[35m[ADB]&amp#27;[39m Getting connected devices
[debug] &amp#27;[35m[ADB]&amp#27;[39m No connected devices have been detected
[debug] &amp#27;[35m[ADB]&amp#27;[39m Could not find online devices
[debug] &amp#27;[35m[ADB]&amp#27;[39m Reconnecting adb (target offline)
[debug] &amp#27;[35m[ADB]&amp#27;[39m Running 'D:\sdk\platform-tools\adb.exe -P 5037 reconnect offline'
[debug] &amp#27;[35m[ADB]&amp#27;[39m Getting connected devices
[debug] &amp#27;[35m[ADB]&amp#27;[39m No connected devices have been detected
[debug] &amp#27;[35m[ADB]&amp#27;[39m Could not find online devices
[debug] &amp#27;[35m[ADB]&amp#27;[39m Reconnecting adb (target offline)
[debug] &amp#27;[35m[ADB]&amp#27;[39m Running 'D:\sdk\platform-tools\adb.exe -P 5037 reconnect offline'
[debug] &amp#27;[35m[ADB]&amp#27;[39m Getting connected devices
[debug] &amp#27;[35m[ADB]&amp#27;[39m No connected devices have been detected
[debug] &amp#27;[35m[ADB]&amp#27;[39m Could not find online devices
[debug] &amp#27;[35m[ADB]&amp#27;[39m Reconnecting adb (target offline)
[debug] &amp#27;[35m[ADB]&amp#27;[39m Running 'D:\sdk\platform-tools\adb.exe -P 5037 reconnect offline'
[debug] &amp#27;[35m[ADB]&amp#27;[39m Getting connected devices
[debug] &amp#27;[35m[ADB]&amp#27;[39m No connected devices have been detected
[debug] &amp#27;[35m[ADB]&amp#27;[39m Could not find online devices
[debug] &amp#27;[35m[ADB]&amp#27;[39m Reconnecting adb (target offline)
[debug] &amp#27;[35m[ADB]&amp#27;[39m Running 'D:\sdk\platform-tools\adb.exe -P 5037 reconnect offline'
[debug] &amp#27;[35m[ADB]&amp#27;[39m Getting connected devices
[debug] &amp#27;[35m[ADB]&amp#27;[39m No connected devices have been detected
[debug] &amp#27;[35m[ADB]&amp#27;[39m Could not find online devices
[debug] &amp#27;[35m[ADB]&amp#27;[39m Reconnecting adb (target offline)
[debug] &amp#27;[35m[ADB]&amp#27;[39m Running 'D:\sdk\platform-tools\adb.exe -P 5037 reconnect offline'
[debug] &amp#27;[35m[ADB]&amp#27;[39m Getting connected devices
[debug] &amp#27;[35m[ADB]&amp#27;[39m No connected devices have been detected
[debug] &amp#27;[35m[ADB]&amp#27;[39m Could not find online devices
[debug] &amp#27;[35m[ADB]&amp#27;[39m Reconnecting adb (target offline)
[debug] &amp#27;[35m[ADB]&amp#27;[39m Running 'D:\sdk\platform-tools\adb.exe -P 5037 reconnect offline'
[debug] &amp#27;[35m[ADB]&amp#27;[39m Getting connected devices
[debug] &amp#27;[35m[ADB]&amp#27;[39m No connected devices have been detected
[debug] &amp#27;[35m[ADB]&amp#27;[39m Could not find online devices
[debug] &amp#27;[35m[ADB]&amp#27;[39m Reconnecting adb (target offline)
[debug] &amp#27;[35m[ADB]&amp#27;[39m Running 'D:\sdk\platform-tools\adb.exe -P 5037 reconnect offline'
[debug] &amp#27;[35m[ADB]&amp#27;[39m Getting connected devices
[debug] &amp#27;[35m[ADB]&amp#27;[39m No connected devices have been detected
[debug] &amp#27;[35m[ADB]&amp#27;[39m Could not find online devices
[debug] &amp#27;[35m[ADB]&amp#27;[39m Reconnecting adb (target offline)
[debug] &amp#27;[35m[ADB]&amp#27;[39m Running 'D:\sdk\platform-tools\adb.exe -P 5037 reconnect offline'
[debug] &amp#27;[35m[ADB]&amp#27;[39m Getting connected devices
[debug] &amp#27;[35m[ADB]&amp#27;[39m No connected devices have been detected
[debug] &amp#27;[35m[ADB]&amp#27;[39m Could not find online devices
[debug] &amp#27;[35m[ADB]&amp#27;[39m Reconnecting adb (target offline)
[debug] &amp#27;[35m[ADB]&amp#27;[39m Running 'D:\sdk\platform-tools\adb.exe -P 5037 reconnect offline'
[debug] &amp#27;[35m[ADB]&amp#27;[39m Getting connected devices
[debug] &amp#27;[35m[ADB]&amp#27;[39m No connected devices have been detected
[debug] &amp#27;[35m[ADB]&amp#27;[39m Could not find online devices
[debug] &amp#27;[35m[ADB]&amp#27;[39m Reconnecting adb (target offline)
[debug] &amp#27;[35m[ADB]&amp#27;[39m Running 'D:\sdk\platform-tools\adb.exe -P 5037 reconnect offline'
[debug] &amp#27;[35m[ADB]&amp#27;[39m Getting connected devices
[debug] &amp#27;[35m[ADB]&amp#27;[39m No connected devices have been detected
[debug] &amp#27;[35m[ADB]&amp#27;[39m Could not find online devices
[debug] &amp#27;[35m[ADB]&amp#27;[39m Reconnecting adb (target offline)
[debug] &amp#27;[35m[ADB]&amp#27;[39m Running 'D:\sdk\platform-tools\adb.exe -P 5037 reconnect offline'
[debug] &amp#27;[35m[UiAutomator2]&amp#27;[39m Deleting UiAutomator2 session
[debug] &amp#27;[35m[BaseDriver]&amp#27;[39m Event 'newSessionStarted' logged at 1618560844200 (11:14:04 GMT+0300 (GMT+03:00))
[debug] &amp#27;[35m[W3C]&amp#27;[39m Encountered internal error running command: Error: Could not find a connected Android device in 20081ms.
[debug] &amp#27;[35m[W3C]&amp#27;[39m     at getDevices (C:\Users\Ã–mer\AppData\Roaming\npm\node_modules\appium\node_modules\appium-adb\lib\tools\system-calls.js:266:13)
[debug] &amp#27;[35m[W3C]&amp#27;[39m     at getDevices (C:\Users\Ã–mer\AppData\Roaming\npm\node_modules\appium\node_modules\appium-adb\lib\tools\system-calls.js:283:18)
[debug] &amp#27;[35m[W3C]&amp#27;[39m     at getDevices (C:\Users\Ã–mer\AppData\Roaming\npm\node_modules\appium\node_modules\appium-adb\lib\tools\system-calls.js:283:12)
[debug] &amp#27;[35m[W3C]&amp#27;[39m     at getDevices (C:\Users\Ã–mer\AppData\Roaming\npm\node_modules\appium\node_modules\appium-adb\lib\tools\system-calls.js:283:12)
[debug] &amp#27;[35m[W3C]&amp#27;[39m     at getDevices (C:\Users\Ã–mer\AppData\Roaming\npm\node_modules\appium\node_modules\appium-adb\lib\tools\system-calls.js:283:12)
[debug] &amp#27;[35m[W3C]&amp#27;[39m     at getDevices (C:\Users\Ã–mer\AppData\Roaming\npm\node_modules\appium\node_modules\appium-adb\lib\tools\system-calls.js:283:12)
[debug] &amp#27;[35m[W3C]&amp#27;[39m     at getDevices (C:\Users\Ã–mer\AppData\Roaming\npm\node_modules\appium\node_modules\appium-adb\lib\tools\system-calls.js:283:12)
[debug] &amp#27;[35m[W3C]&amp#27;[39m     at getDevices (C:\Users\Ã–mer\AppData\Roaming\npm\node_modules\appium\node_modules\appium-adb\lib\tools\system-calls.js:283:12)
[debug] &amp#27;[35m[W3C]&amp#27;[39m     at getDevices (C:\Users\Ã–mer\AppData\Roaming\npm\node_modules\appium\node_modules\appium-adb\lib\tools\system-calls.js:283:12)
[debug] &amp#27;[35m[W3C]&amp#27;[39m     at getDevices (C:\Users\Ã–mer\AppData\Roaming\npm\node_modules\appium\node_modules\appium-adb\lib\tools\system-calls.js:283:12)
[debug] &amp#27;[35m[W3C]&amp#27;[39m     at getDevices (C:\Users\Ã–mer\AppData\Roaming\npm\node_modules\appium\node_modules\appium-adb\lib\tools\system-calls.js:283:12)
[debug] &amp#27;[35m[W3C]&amp#27;[39m     at getDevices (C:\Users\Ã–mer\AppData\Roaming\npm\node_modules\appium\node_modules\appium-adb\lib\tools\system-calls.js:283:12)
[debug] &amp#27;[35m[W3C]&amp#27;[39m     at getDevices (C:\Users\Ã–mer\AppData\Roaming\npm\node_modules\appium\node_modules\appium-adb\lib\tools\system-calls.js:283:12)
[debug] &amp#27;[35m[W3C]&amp#27;[39m     at getDevices (C:\Users\Ã–mer\AppData\Roaming\npm\node_modules\appium\node_modules\appium-adb\lib\tools\system-calls.js:283:12)
[debug] &amp#27;[35m[W3C]&amp#27;[39m     at getDevices (C:\Users\Ã–mer\AppData\Roaming\npm\node_modules\appium\node_modules\appium-adb\lib\tools\system-calls.js:283:12)
[debug] &amp#27;[35m[W3C]&amp#27;[39m     at getDevices (C:\Users\Ã–mer\AppData\Roaming\npm\node_modules\appium\node_modules\appium-adb\lib\tools\system-calls.js:283:12)
&amp#27;[35m[HTTP]&amp#27;[39m &amp#27;[37m<-- POST /wd/hub/session &amp#27;[39m&amp#27;[31m500&amp#27;[39m &amp#27;[90m23151 ms - 667&amp#27;[39m
&amp#27;[35m[HTTP]&amp#27;[39m &amp#27;[90m&amp#27;[39m
]]></system-out>
  </testcase>
  <testcase name="basariliGiris[omer.sim95@gmail.com, omer1995](1)" classname="Trendyol_App_Test.BasariliGiris" time="0">
    <skipped message="Unable to create a new remote session. Please check the server log for more details. Original error: An unknown server-side error occurred while processing the command. Original error: Could not find a connected Android device in 20081ms.&#10;Build info: version: &apos;3.141.59&apos;, revision: &apos;e82be7d358&apos;, time: &apos;2018-11-14T08:17:03&apos;&#10;System info: host: &apos;DESKTOP-56SS79V&apos;, ip: &apos;192.168.1.103&apos;, os.name: &apos;Windows 10&apos;, os.arch: &apos;amd64&apos;, os.version: &apos;10.0&apos;, java.version: &apos;1.8.0_242-release&apos;&#10;Driver info: driver.version: AndroidDriver&#10;remote stacktrace: UnknownError: An unknown server-side error occurred while processing the command. Original error: Could not find a connected Android device in 20081ms.&#10;    at getResponseForW3CError (C:\Users\Ömer\AppData\Roaming\npm\node_modules\appium\node_modules\appium-base-driver\lib\protocol\errors.js:804:9)&#10;    at asyncHandler (C:\Users\Ömer\AppData\Roaming\npm\node_modules\appium\node_modules\appium-base-driver\lib\protocol\protocol.js:380:37)&#10;Build info: version: &apos;3.141.59&apos;, revision: &apos;e82be7d358&apos;, time: &apos;2018-11-14T08:17:03&apos;&#10;System info: host: &apos;DESKTOP-56SS79V&apos;, ip: &apos;192.168.1.103&apos;, os.name: &apos;Windows 10&apos;, os.arch: &apos;amd64&apos;, os.version: &apos;10.0&apos;, java.version: &apos;1.8.0_242-release&apos;&#10;Driver info: driver.version: AndroidDriver"/>
  </testcase>
  <testcase name="AfterMethod" classname="Trendyol_App_Test.BasariliGiris" time="0">
    <skipped/>
  </testcase>
  <testcase name="BeforeMethod" classname="Trendyol_App_Test.YanlisEposta" time="20.446">
    <failure message="Unable to create a new remote session. Please check the server log for more details. Original error: An unknown server-side error occurred while processing the command. Original error: Could not find a connected Android device in 20274ms.&#10;Build info: version: &apos;3.141.59&apos;, revision: &apos;e82be7d358&apos;, time: &apos;2018-11-14T08:17:03&apos;&#10;System info: host: &apos;DESKTOP-56SS79V&apos;, ip: &apos;192.168.1.103&apos;, os.name: &apos;Windows 10&apos;, os.arch: &apos;amd64&apos;, os.version: &apos;10.0&apos;, java.version: &apos;1.8.0_242-release&apos;&#10;Driver info: driver.version: AndroidDriver&#10;remote stacktrace: UnknownError: An unknown server-side error occurred while processing the command. Original error: Could not find a connected Android device in 20274ms.&#10;    at getResponseForW3CError (C:\Users\Ömer\AppData\Roaming\npm\node_modules\appium\node_modules\appium-base-driver\lib\protocol\errors.js:804:9)&#10;    at asyncHandler (C:\Users\Ömer\AppData\Roaming\npm\node_modules\appium\node_modules\appium-base-driver\lib\protocol\protocol.js:380:37)&#10;Build info: version: &apos;3.141.59&apos;, revision: &apos;e82be7d358&apos;, time: &apos;2018-11-14T08:17:03&apos;&#10;System info: host: &apos;DESKTOP-56SS79V&apos;, ip: &apos;192.168.1.103&apos;, os.name: &apos;Windows 10&apos;, os.arch: &apos;amd64&apos;, os.version: &apos;10.0&apos;, java.version: &apos;1.8.0_242-release&apos;&#10;Driver info: driver.version: AndroidDriver" type="org.openqa.selenium.SessionNotCreatedException"><![CDATA[org.openqa.selenium.SessionNotCreatedException: 
Unable to create a new remote session. Please check the server log for more details. Original error: An unknown server-side error occurred while processing the command. Original error: Could not find a connected Android device in 20274ms.
Build info: version: '3.141.59', revision: 'e82be7d358', time: '2018-11-14T08:17:03'
System info: host: 'DESKTOP-56SS79V', ip: '192.168.1.103', os.name: 'Windows 10', os.arch: 'amd64', os.version: '10.0', java.version: '1.8.0_242-release'
Driver info: driver.version: AndroidDriver
remote stacktrace: UnknownError: An unknown server-side error occurred while processing the command. Original error: Could not find a connected Android device in 20274ms.
    at getResponseForW3CError (C:\Users\Ömer\AppData\Roaming\npm\node_modules\appium\node_modules\appium-base-driver\lib\protocol\errors.js:804:9)
    at asyncHandler (C:\Users\Ömer\AppData\Roaming\npm\node_modules\appium\node_modules\appium-base-driver\lib\protocol\protocol.js:380:37)
Build info: version: '3.141.59', revision: 'e82be7d358', time: '2018-11-14T08:17:03'
System info: host: 'DESKTOP-56SS79V', ip: '192.168.1.103', os.name: 'Windows 10', os.arch: 'amd64', os.version: '10.0', java.version: '1.8.0_242-release'
Driver info: driver.version: AndroidDriver
	at Trendyol_App_Test.YanlisEposta.BeforeMethod(YanlisEposta.java:63)
Caused by: java.lang.reflect.InvocationTargetException
	at Trendyol_App_Test.YanlisEposta.BeforeMethod(YanlisEposta.java:63)
Caused by: org.openqa.selenium.WebDriverException: 
An unknown server-side error occurred while processing the command. Original error: Could not find a connected Android device in 20274ms.
Build info: version: '3.141.59', revision: 'e82be7d358', time: '2018-11-14T08:17:03'
System info: host: 'DESKTOP-56SS79V', ip: '192.168.1.103', os.name: 'Windows 10', os.arch: 'amd64', os.version: '10.0', java.version: '1.8.0_242-release'
Driver info: driver.version: AndroidDriver
remote stacktrace: UnknownError: An unknown server-side error occurred while processing the command. Original error: Could not find a connected Android device in 20274ms.
    at getResponseForW3CError (C:\Users\Ömer\AppData\Roaming\npm\node_modules\appium\node_modules\appium-base-driver\lib\protocol\errors.js:804:9)
    at asyncHandler (C:\Users\Ömer\AppData\Roaming\npm\node_modules\appium\node_modules\appium-base-driver\lib\protocol\protocol.js:380:37)
	at Trendyol_App_Test.YanlisEposta.BeforeMethod(YanlisEposta.java:63)
]]></failure>
    <system-out><![CDATA[[debug] &amp#27;[35m[HTTP]&amp#27;[39m Request idempotency key: 9a8e5110-8f5f-4c8d-a3d0-38abc93c66ad
&amp#27;[35m[HTTP]&amp#27;[39m &amp#27;[37m-->&amp#27;[39m &amp#27;[37mPOST&amp#27;[39m &amp#27;[37m/wd/hub/session&amp#27;[39m
&amp#27;[35m[HTTP]&amp#27;[39m &amp#27;[90m{"desiredCapabilities":{"app":"C:\\Users\\Ã–mer\\eclipse-workspace\\TrendyolFramework\\src\\trendyol-5-8-2-512.apk","automationName":"uiautomator2","platformName":"Android","version":"9.0","newCommandTimeout":14},"capabilities":{"firstMatch":[{"appium:app":"C:\\Users\\Ã–mer\\eclipse-workspace\\TrendyolFramework\\src\\trendyol-5-8-2-512.apk","appium:automationName":"uiautomator2","appium:newCommandTimeout":14,"platformName":"android","version":"9.0"}]}}&amp#27;[39m
[debug] &amp#27;[35m[W3C]&amp#27;[39m Calling AppiumDriver.createSession() with args: [{"app":"C:\\Users\\Ã–mer\\eclipse-workspace\\TrendyolFramework\\src\\trendyol-5-8-2-512.apk","automationName":"uiautomator2","platformName":"Android","version":"9.0","newCommandTimeout":14},null,{"firstMatch":[{"appium:app":"C:\\Users\\Ã–mer\\eclipse-workspace\\TrendyolFramework\\src\\trendyol-5-8-2-512.apk","appium:automationName":"uiautomator2","appium:newCommandTimeout":14,"platformName":"android","version":"9.0"}]}]
[debug] &amp#27;[35m[BaseDriver]&amp#27;[39m Event 'newSessionRequested' logged at 1618560844316 (11:14:04 GMT+0300 (GMT+03:00))
&amp#27;[35m[BaseDriver]&amp#27;[39m The following capabilities are not standard capabilities and should have an extension prefix:
&amp#27;[35m[BaseDriver]&amp#27;[39m   version
&amp#27;[35m[Appium]&amp#27;[39m Appium v1.20.2 creating new AndroidUiautomator2Driver (v1.61.2) session
[debug] &amp#27;[35m[BaseDriver]&amp#27;[39m W3C capabilities and MJSONWP desired capabilities were provided
[debug] &amp#27;[35m[BaseDriver]&amp#27;[39m Creating session with W3C capabilities: {
[debug] &amp#27;[35m[BaseDriver]&amp#27;[39m   "alwaysMatch": {
[debug] &amp#27;[35m[BaseDriver]&amp#27;[39m     "platformName": "android",
[debug] &amp#27;[35m[BaseDriver]&amp#27;[39m     "appium:version": "9.0",
[debug] &amp#27;[35m[BaseDriver]&amp#27;[39m     "appium:app": "C:\\Users\\Ã–mer\\eclipse-workspace\\TrendyolFramework\\src\\trendyol-5-8-2-512.apk",
[debug] &amp#27;[35m[BaseDriver]&amp#27;[39m     "appium:automationName": "uiautomator2",
[debug] &amp#27;[35m[BaseDriver]&amp#27;[39m     "appium:newCommandTimeout": 14
[debug] &amp#27;[35m[BaseDriver]&amp#27;[39m   },
[debug] &amp#27;[35m[BaseDriver]&amp#27;[39m   "firstMatch": [
[debug] &amp#27;[35m[BaseDriver]&amp#27;[39m     {}
[debug] &amp#27;[35m[BaseDriver]&amp#27;[39m   ]
[debug] &amp#27;[35m[BaseDriver]&amp#27;[39m }
&amp#27;[35m[BaseDriver]&amp#27;[39m The following capabilities were provided, but are not recognized by Appium:
&amp#27;[35m[BaseDriver]&amp#27;[39m   version
&amp#27;[35m[BaseDriver]&amp#27;[39m Session created with session id: 40c7395f-91b5-468a-bdb5-1e2578d1fef5
&amp#27;[35m[BaseDriver]&amp#27;[39m Using local app 'C:\Users\Ã–mer\eclipse-workspace\TrendyolFramework\src\trendyol-5-8-2-512.apk'
[debug] &amp#27;[35m[UiAutomator2]&amp#27;[39m Checking whether app is actually present
&amp#27;[35m[ADB]&amp#27;[39m Using 'adb.exe' from 'D:\sdk\platform-tools\adb.exe'
[debug] &amp#27;[35m[ADB]&amp#27;[39m Running 'D:\sdk\platform-tools\adb.exe -P 5037 start-server'
&amp#27;[35m[AndroidDriver]&amp#27;[39m Retrieving device list
[debug] &amp#27;[35m[ADB]&amp#27;[39m Trying to find a connected android device
[debug] &amp#27;[35m[ADB]&amp#27;[39m Getting connected devices
[debug] &amp#27;[35m[ADB]&amp#27;[39m No connected devices have been detected
[debug] &amp#27;[35m[ADB]&amp#27;[39m Could not find online devices
[debug] &amp#27;[35m[ADB]&amp#27;[39m Reconnecting adb (target offline)
[debug] &amp#27;[35m[ADB]&amp#27;[39m Running 'D:\sdk\platform-tools\adb.exe -P 5037 reconnect offline'
[debug] &amp#27;[35m[ADB]&amp#27;[39m Getting connected devices
[debug] &amp#27;[35m[ADB]&amp#27;[39m No connected devices have been detected
[debug] &amp#27;[35m[ADB]&amp#27;[39m Could not find online devices
[debug] &amp#27;[35m[ADB]&amp#27;[39m Reconnecting adb (target offline)
[debug] &amp#27;[35m[ADB]&amp#27;[39m Running 'D:\sdk\platform-tools\adb.exe -P 5037 reconnect offline'
[debug] &amp#27;[35m[ADB]&amp#27;[39m Getting connected devices
[debug] &amp#27;[35m[ADB]&amp#27;[39m No connected devices have been detected
[debug] &amp#27;[35m[ADB]&amp#27;[39m Could not find online devices
[debug] &amp#27;[35m[ADB]&amp#27;[39m Reconnecting adb (target offline)
[debug] &amp#27;[35m[ADB]&amp#27;[39m Running 'D:\sdk\platform-tools\adb.exe -P 5037 reconnect offline'
[debug] &amp#27;[35m[ADB]&amp#27;[39m Getting connected devices
[debug] &amp#27;[35m[ADB]&amp#27;[39m No connected devices have been detected
[debug] &amp#27;[35m[ADB]&amp#27;[39m Could not find online devices
[debug] &amp#27;[35m[ADB]&amp#27;[39m Reconnecting adb (target offline)
[debug] &amp#27;[35m[ADB]&amp#27;[39m Running 'D:\sdk\platform-tools\adb.exe -P 5037 reconnect offline'
[debug] &amp#27;[35m[ADB]&amp#27;[39m Getting connected devices
[debug] &amp#27;[35m[ADB]&amp#27;[39m No connected devices have been detected
[debug] &amp#27;[35m[ADB]&amp#27;[39m Could not find online devices
[debug] &amp#27;[35m[ADB]&amp#27;[39m Reconnecting adb (target offline)
[debug] &amp#27;[35m[ADB]&amp#27;[39m Running 'D:\sdk\platform-tools\adb.exe -P 5037 reconnect offline'
[debug] &amp#27;[35m[ADB]&amp#27;[39m Getting connected devices
[debug] &amp#27;[35m[ADB]&amp#27;[39m No connected devices have been detected
[debug] &amp#27;[35m[ADB]&amp#27;[39m Could not find online devices
[debug] &amp#27;[35m[ADB]&amp#27;[39m Reconnecting adb (target offline)
[debug] &amp#27;[35m[ADB]&amp#27;[39m Running 'D:\sdk\platform-tools\adb.exe -P 5037 reconnect offline'
[debug] &amp#27;[35m[ADB]&amp#27;[39m Getting connected devices
[debug] &amp#27;[35m[ADB]&amp#27;[39m No connected devices have been detected
[debug] &amp#27;[35m[ADB]&amp#27;[39m Could not find online devices
[debug] &amp#27;[35m[ADB]&amp#27;[39m Reconnecting adb (target offline)
[debug] &amp#27;[35m[ADB]&amp#27;[39m Running 'D:\sdk\platform-tools\adb.exe -P 5037 reconnect offline'
[debug] &amp#27;[35m[ADB]&amp#27;[39m Getting connected devices
[debug] &amp#27;[35m[ADB]&amp#27;[39m No connected devices have been detected
[debug] &amp#27;[35m[ADB]&amp#27;[39m Could not find online devices
[debug] &amp#27;[35m[ADB]&amp#27;[39m Reconnecting adb (target offline)
[debug] &amp#27;[35m[ADB]&amp#27;[39m Running 'D:\sdk\platform-tools\adb.exe -P 5037 reconnect offline'
[debug] &amp#27;[35m[ADB]&amp#27;[39m Getting connected devices
[debug] &amp#27;[35m[ADB]&amp#27;[39m No connected devices have been detected
[debug] &amp#27;[35m[ADB]&amp#27;[39m Could not find online devices
[debug] &amp#27;[35m[ADB]&amp#27;[39m Reconnecting adb (target offline)
[debug] &amp#27;[35m[ADB]&amp#27;[39m Running 'D:\sdk\platform-tools\adb.exe -P 5037 reconnect offline'
[debug] &amp#27;[35m[ADB]&amp#27;[39m Getting connected devices
[debug] &amp#27;[35m[ADB]&amp#27;[39m No connected devices have been detected
[debug] &amp#27;[35m[ADB]&amp#27;[39m Could not find online devices
[debug] &amp#27;[35m[ADB]&amp#27;[39m Reconnecting adb (target offline)
[debug] &amp#27;[35m[ADB]&amp#27;[39m Running 'D:\sdk\platform-tools\adb.exe -P 5037 reconnect offline'
[debug] &amp#27;[35m[ADB]&amp#27;[39m Getting connected devices
[debug] &amp#27;[35m[ADB]&amp#27;[39m No connected devices have been detected
[debug] &amp#27;[35m[ADB]&amp#27;[39m Could not find online devices
[debug] &amp#27;[35m[ADB]&amp#27;[39m Reconnecting adb (target offline)
[debug] &amp#27;[35m[ADB]&amp#27;[39m Running 'D:\sdk\platform-tools\adb.exe -P 5037 reconnect offline'
[debug] &amp#27;[35m[ADB]&amp#27;[39m Getting connected devices
[debug] &amp#27;[35m[ADB]&amp#27;[39m No connected devices have been detected
[debug] &amp#27;[35m[ADB]&amp#27;[39m Could not find online devices
[debug] &amp#27;[35m[ADB]&amp#27;[39m Reconnecting adb (target offline)
[debug] &amp#27;[35m[ADB]&amp#27;[39m Running 'D:\sdk\platform-tools\adb.exe -P 5037 reconnect offline'
[debug] &amp#27;[35m[ADB]&amp#27;[39m Getting connected devices
[debug] &amp#27;[35m[ADB]&amp#27;[39m No connected devices have been detected
[debug] &amp#27;[35m[ADB]&amp#27;[39m Could not find online devices
[debug] &amp#27;[35m[ADB]&amp#27;[39m Reconnecting adb (target offline)
[debug] &amp#27;[35m[ADB]&amp#27;[39m Running 'D:\sdk\platform-tools\adb.exe -P 5037 reconnect offline'
[debug] &amp#27;[35m[ADB]&amp#27;[39m Getting connected devices
[debug] &amp#27;[35m[ADB]&amp#27;[39m No connected devices have been detected
[debug] &amp#27;[35m[ADB]&amp#27;[39m Could not find online devices
[debug] &amp#27;[35m[ADB]&amp#27;[39m Reconnecting adb (target offline)
[debug] &amp#27;[35m[ADB]&amp#27;[39m Running 'D:\sdk\platform-tools\adb.exe -P 5037 reconnect offline'
[debug] &amp#27;[35m[ADB]&amp#27;[39m Getting connected devices
[debug] &amp#27;[35m[ADB]&amp#27;[39m No connected devices have been detected
[debug] &amp#27;[35m[ADB]&amp#27;[39m Could not find online devices
[debug] &amp#27;[35m[ADB]&amp#27;[39m Reconnecting adb (target offline)
[debug] &amp#27;[35m[ADB]&amp#27;[39m Running 'D:\sdk\platform-tools\adb.exe -P 5037 reconnect offline'
[debug] &amp#27;[35m[ADB]&amp#27;[39m Getting connected devices
[debug] &amp#27;[35m[ADB]&amp#27;[39m No connected devices have been detected
[debug] &amp#27;[35m[ADB]&amp#27;[39m Could not find online devices
[debug] &amp#27;[35m[ADB]&amp#27;[39m Reconnecting adb (target offline)
[debug] &amp#27;[35m[ADB]&amp#27;[39m Running 'D:\sdk\platform-tools\adb.exe -P 5037 reconnect offline'
[debug] &amp#27;[35m[ADB]&amp#27;[39m Getting connected devices
[debug] &amp#27;[35m[ADB]&amp#27;[39m No connected devices have been detected
[debug] &amp#27;[35m[ADB]&amp#27;[39m Could not find online devices
[debug] &amp#27;[35m[ADB]&amp#27;[39m Reconnecting adb (target offline)
[debug] &amp#27;[35m[ADB]&amp#27;[39m Running 'D:\sdk\platform-tools\adb.exe -P 5037 reconnect offline'
[debug] &amp#27;[35m[ADB]&amp#27;[39m Getting connected devices
[debug] &amp#27;[35m[ADB]&amp#27;[39m No connected devices have been detected
[debug] &amp#27;[35m[ADB]&amp#27;[39m Could not find online devices
[debug] &amp#27;[35m[ADB]&amp#27;[39m Reconnecting adb (target offline)
[debug] &amp#27;[35m[ADB]&amp#27;[39m Running 'D:\sdk\platform-tools\adb.exe -P 5037 reconnect offline'
[debug] &amp#27;[35m[ADB]&amp#27;[39m Getting connected devices
[debug] &amp#27;[35m[ADB]&amp#27;[39m No connected devices have been detected
[debug] &amp#27;[35m[ADB]&amp#27;[39m Could not find online devices
[debug] &amp#27;[35m[ADB]&amp#27;[39m Reconnecting adb (target offline)
[debug] &amp#27;[35m[ADB]&amp#27;[39m Running 'D:\sdk\platform-tools\adb.exe -P 5037 reconnect offline'
[debug] &amp#27;[35m[ADB]&amp#27;[39m Getting connected devices
[debug] &amp#27;[35m[ADB]&amp#27;[39m No connected devices have been detected
[debug] &amp#27;[35m[ADB]&amp#27;[39m Could not find online devices
[debug] &amp#27;[35m[ADB]&amp#27;[39m Reconnecting adb (target offline)
[debug] &amp#27;[35m[ADB]&amp#27;[39m Running 'D:\sdk\platform-tools\adb.exe -P 5037 reconnect offline'
[debug] &amp#27;[35m[ADB]&amp#27;[39m Getting connected devices
[debug] &amp#27;[35m[ADB]&amp#27;[39m No connected devices have been detected
[debug] &amp#27;[35m[ADB]&amp#27;[39m Could not find online devices
[debug] &amp#27;[35m[ADB]&amp#27;[39m Reconnecting adb (target offline)
[debug] &amp#27;[35m[ADB]&amp#27;[39m Running 'D:\sdk\platform-tools\adb.exe -P 5037 reconnect offline'
[debug] &amp#27;[35m[ADB]&amp#27;[39m Getting connected devices
[debug] &amp#27;[35m[ADB]&amp#27;[39m No connected devices have been detected
[debug] &amp#27;[35m[ADB]&amp#27;[39m Could not find online devices
[debug] &amp#27;[35m[ADB]&amp#27;[39m Reconnecting adb (target offline)
[debug] &amp#27;[35m[ADB]&amp#27;[39m Running 'D:\sdk\platform-tools\adb.exe -P 5037 reconnect offline'
[debug] &amp#27;[35m[ADB]&amp#27;[39m Getting connected devices
[debug] &amp#27;[35m[ADB]&amp#27;[39m No connected devices have been detected
[debug] &amp#27;[35m[ADB]&amp#27;[39m Could not find online devices
[debug] &amp#27;[35m[ADB]&amp#27;[39m Reconnecting adb (target offline)
[debug] &amp#27;[35m[ADB]&amp#27;[39m Running 'D:\sdk\platform-tools\adb.exe -P 5037 reconnect offline'
[debug] &amp#27;[35m[ADB]&amp#27;[39m Getting connected devices
[debug] &amp#27;[35m[ADB]&amp#27;[39m No connected devices have been detected
[debug] &amp#27;[35m[ADB]&amp#27;[39m Could not find online devices
[debug] &amp#27;[35m[ADB]&amp#27;[39m Reconnecting adb (target offline)
[debug] &amp#27;[35m[ADB]&amp#27;[39m Running 'D:\sdk\platform-tools\adb.exe -P 5037 reconnect offline'
[debug] &amp#27;[35m[ADB]&amp#27;[39m Getting connected devices
[debug] &amp#27;[35m[ADB]&amp#27;[39m No connected devices have been detected
[debug] &amp#27;[35m[ADB]&amp#27;[39m Could not find online devices
[debug] &amp#27;[35m[ADB]&amp#27;[39m Reconnecting adb (target offline)
[debug] &amp#27;[35m[ADB]&amp#27;[39m Running 'D:\sdk\platform-tools\adb.exe -P 5037 reconnect offline'
[debug] &amp#27;[35m[ADB]&amp#27;[39m Getting connected devices
[debug] &amp#27;[35m[ADB]&amp#27;[39m No connected devices have been detected
[debug] &amp#27;[35m[ADB]&amp#27;[39m Could not find online devices
[debug] &amp#27;[35m[ADB]&amp#27;[39m Reconnecting adb (target offline)
[debug] &amp#27;[35m[ADB]&amp#27;[39m Running 'D:\sdk\platform-tools\adb.exe -P 5037 reconnect offline'
[debug] &amp#27;[35m[ADB]&amp#27;[39m Getting connected devices
[debug] &amp#27;[35m[ADB]&amp#27;[39m No connected devices have been detected
[debug] &amp#27;[35m[ADB]&amp#27;[39m Could not find online devices
[debug] &amp#27;[35m[ADB]&amp#27;[39m Reconnecting adb (target offline)
[debug] &amp#27;[35m[ADB]&amp#27;[39m Running 'D:\sdk\platform-tools\adb.exe -P 5037 reconnect offline'
[debug] &amp#27;[35m[ADB]&amp#27;[39m Getting connected devices
[debug] &amp#27;[35m[ADB]&amp#27;[39m No connected devices have been detected
[debug] &amp#27;[35m[ADB]&amp#27;[39m Could not find online devices
[debug] &amp#27;[35m[ADB]&amp#27;[39m Reconnecting adb (target offline)
[debug] &amp#27;[35m[ADB]&amp#27;[39m Running 'D:\sdk\platform-tools\adb.exe -P 5037 reconnect offline'
[debug] &amp#27;[35m[ADB]&amp#27;[39m Getting connected devices
[debug] &amp#27;[35m[ADB]&amp#27;[39m No connected devices have been detected
[debug] &amp#27;[35m[ADB]&amp#27;[39m Could not find online devices
[debug] &amp#27;[35m[ADB]&amp#27;[39m Reconnecting adb (target offline)
[debug] &amp#27;[35m[ADB]&amp#27;[39m Running 'D:\sdk\platform-tools\adb.exe -P 5037 reconnect offline'
[debug] &amp#27;[35m[ADB]&amp#27;[39m Getting connected devices
[debug] &amp#27;[35m[ADB]&amp#27;[39m No connected devices have been detected
[debug] &amp#27;[35m[ADB]&amp#27;[39m Could not find online devices
[debug] &amp#27;[35m[ADB]&amp#27;[39m Reconnecting adb (target offline)
[debug] &amp#27;[35m[ADB]&amp#27;[39m Running 'D:\sdk\platform-tools\adb.exe -P 5037 reconnect offline'
[debug] &amp#27;[35m[ADB]&amp#27;[39m Getting connected devices
[debug] &amp#27;[35m[ADB]&amp#27;[39m No connected devices have been detected
[debug] &amp#27;[35m[ADB]&amp#27;[39m Could not find online devices
[debug] &amp#27;[35m[ADB]&amp#27;[39m Reconnecting adb (target offline)
[debug] &amp#27;[35m[ADB]&amp#27;[39m Running 'D:\sdk\platform-tools\adb.exe -P 5037 reconnect offline'
[debug] &amp#27;[35m[ADB]&amp#27;[39m Getting connected devices
[debug] &amp#27;[35m[ADB]&amp#27;[39m No connected devices have been detected
[debug] &amp#27;[35m[ADB]&amp#27;[39m Could not find online devices
[debug] &amp#27;[35m[ADB]&amp#27;[39m Reconnecting adb (target offline)
[debug] &amp#27;[35m[ADB]&amp#27;[39m Running 'D:\sdk\platform-tools\adb.exe -P 5037 reconnect offline'
[debug] &amp#27;[35m[ADB]&amp#27;[39m Getting connected devices
[debug] &amp#27;[35m[ADB]&amp#27;[39m No connected devices have been detected
[debug] &amp#27;[35m[ADB]&amp#27;[39m Could not find online devices
[debug] &amp#27;[35m[ADB]&amp#27;[39m Reconnecting adb (target offline)
[debug] &amp#27;[35m[ADB]&amp#27;[39m Running 'D:\sdk\platform-tools\adb.exe -P 5037 reconnect offline'
[debug] &amp#27;[35m[ADB]&amp#27;[39m Getting connected devices
[debug] &amp#27;[35m[ADB]&amp#27;[39m No connected devices have been detected
[debug] &amp#27;[35m[ADB]&amp#27;[39m Could not find online devices
[debug] &amp#27;[35m[ADB]&amp#27;[39m Reconnecting adb (target offline)
[debug] &amp#27;[35m[ADB]&amp#27;[39m Running 'D:\sdk\platform-tools\adb.exe -P 5037 reconnect offline'
[debug] &amp#27;[35m[ADB]&amp#27;[39m Getting connected devices
[debug] &amp#27;[35m[ADB]&amp#27;[39m No connected devices have been detected
[debug] &amp#27;[35m[ADB]&amp#27;[39m Could not find online devices
[debug] &amp#27;[35m[ADB]&amp#27;[39m Reconnecting adb (target offline)
[debug] &amp#27;[35m[ADB]&amp#27;[39m Running 'D:\sdk\platform-tools\adb.exe -P 5037 reconnect offline'
[debug] &amp#27;[35m[ADB]&amp#27;[39m Getting connected devices
[debug] &amp#27;[35m[ADB]&amp#27;[39m No connected devices have been detected
[debug] &amp#27;[35m[ADB]&amp#27;[39m Could not find online devices
[debug] &amp#27;[35m[ADB]&amp#27;[39m Reconnecting adb (target offline)
[debug] &amp#27;[35m[ADB]&amp#27;[39m Running 'D:\sdk\platform-tools\adb.exe -P 5037 reconnect offline'
[debug] &amp#27;[35m[ADB]&amp#27;[39m Getting connected devices
[debug] &amp#27;[35m[ADB]&amp#27;[39m No connected devices have been detected
[debug] &amp#27;[35m[ADB]&amp#27;[39m Could not find online devices
[debug] &amp#27;[35m[ADB]&amp#27;[39m Reconnecting adb (target offline)
[debug] &amp#27;[35m[ADB]&amp#27;[39m Running 'D:\sdk\platform-tools\adb.exe -P 5037 reconnect offline'
[debug] &amp#27;[35m[ADB]&amp#27;[39m Getting connected devices
[debug] &amp#27;[35m[ADB]&amp#27;[39m No connected devices have been detected
[debug] &amp#27;[35m[ADB]&amp#27;[39m Could not find online devices
[debug] &amp#27;[35m[ADB]&amp#27;[39m Reconnecting adb (target offline)
[debug] &amp#27;[35m[ADB]&amp#27;[39m Running 'D:\sdk\platform-tools\adb.exe -P 5037 reconnect offline'
[debug] &amp#27;[35m[ADB]&amp#27;[39m Getting connected devices
[debug] &amp#27;[35m[ADB]&amp#27;[39m No connected devices have been detected
[debug] &amp#27;[35m[ADB]&amp#27;[39m Could not find online devices
[debug] &amp#27;[35m[ADB]&amp#27;[39m Reconnecting adb (target offline)
[debug] &amp#27;[35m[ADB]&amp#27;[39m Running 'D:\sdk\platform-tools\adb.exe -P 5037 reconnect offline'
[debug] &amp#27;[35m[ADB]&amp#27;[39m Getting connected devices
[debug] &amp#27;[35m[ADB]&amp#27;[39m No connected devices have been detected
[debug] &amp#27;[35m[ADB]&amp#27;[39m Could not find online devices
[debug] &amp#27;[35m[ADB]&amp#27;[39m Reconnecting adb (target offline)
[debug] &amp#27;[35m[ADB]&amp#27;[39m Running 'D:\sdk\platform-tools\adb.exe -P 5037 reconnect offline'
[debug] &amp#27;[35m[ADB]&amp#27;[39m Getting connected devices
[debug] &amp#27;[35m[ADB]&amp#27;[39m No connected devices have been detected
[debug] &amp#27;[35m[ADB]&amp#27;[39m Could not find online devices
[debug] &amp#27;[35m[ADB]&amp#27;[39m Reconnecting adb (target offline)
[debug] &amp#27;[35m[ADB]&amp#27;[39m Running 'D:\sdk\platform-tools\adb.exe -P 5037 reconnect offline'
[debug] &amp#27;[35m[ADB]&amp#27;[39m Getting connected devices
[debug] &amp#27;[35m[ADB]&amp#27;[39m No connected devices have been detected
[debug] &amp#27;[35m[ADB]&amp#27;[39m Could not find online devices
[debug] &amp#27;[35m[ADB]&amp#27;[39m Reconnecting adb (target offline)
[debug] &amp#27;[35m[ADB]&amp#27;[39m Running 'D:\sdk\platform-tools\adb.exe -P 5037 reconnect offline'
[debug] &amp#27;[35m[ADB]&amp#27;[39m Getting connected devices
[debug] &amp#27;[35m[ADB]&amp#27;[39m No connected devices have been detected
[debug] &amp#27;[35m[ADB]&amp#27;[39m Could not find online devices
[debug] &amp#27;[35m[ADB]&amp#27;[39m Reconnecting adb (target offline)
[debug] &amp#27;[35m[ADB]&amp#27;[39m Running 'D:\sdk\platform-tools\adb.exe -P 5037 reconnect offline'
[debug] &amp#27;[35m[ADB]&amp#27;[39m Getting connected devices
[debug] &amp#27;[35m[ADB]&amp#27;[39m No connected devices have been detected
[debug] &amp#27;[35m[ADB]&amp#27;[39m Could not find online devices
[debug] &amp#27;[35m[ADB]&amp#27;[39m Reconnecting adb (target offline)
[debug] &amp#27;[35m[ADB]&amp#27;[39m Running 'D:\sdk\platform-tools\adb.exe -P 5037 reconnect offline'
[debug] &amp#27;[35m[ADB]&amp#27;[39m Getting connected devices
[debug] &amp#27;[35m[ADB]&amp#27;[39m No connected devices have been detected
[debug] &amp#27;[35m[ADB]&amp#27;[39m Could not find online devices
[debug] &amp#27;[35m[ADB]&amp#27;[39m Reconnecting adb (target offline)
[debug] &amp#27;[35m[ADB]&amp#27;[39m Running 'D:\sdk\platform-tools\adb.exe -P 5037 reconnect offline'
[debug] &amp#27;[35m[ADB]&amp#27;[39m Getting connected devices
[debug] &amp#27;[35m[ADB]&amp#27;[39m No connected devices have been detected
[debug] &amp#27;[35m[ADB]&amp#27;[39m Could not find online devices
[debug] &amp#27;[35m[ADB]&amp#27;[39m Reconnecting adb (target offline)
[debug] &amp#27;[35m[ADB]&amp#27;[39m Running 'D:\sdk\platform-tools\adb.exe -P 5037 reconnect offline'
[debug] &amp#27;[35m[ADB]&amp#27;[39m Getting connected devices
[debug] &amp#27;[35m[ADB]&amp#27;[39m No connected devices have been detected
[debug] &amp#27;[35m[ADB]&amp#27;[39m Could not find online devices
[debug] &amp#27;[35m[ADB]&amp#27;[39m Reconnecting adb (target offline)
[debug] &amp#27;[35m[ADB]&amp#27;[39m Running 'D:\sdk\platform-tools\adb.exe -P 5037 reconnect offline'
[debug] &amp#27;[35m[ADB]&amp#27;[39m Getting connected devices
[debug] &amp#27;[35m[ADB]&amp#27;[39m No connected devices have been detected
[debug] &amp#27;[35m[ADB]&amp#27;[39m Could not find online devices
[debug] &amp#27;[35m[ADB]&amp#27;[39m Reconnecting adb (target offline)
[debug] &amp#27;[35m[ADB]&amp#27;[39m Running 'D:\sdk\platform-tools\adb.exe -P 5037 reconnect offline'
[debug] &amp#27;[35m[ADB]&amp#27;[39m Getting connected devices
[debug] &amp#27;[35m[ADB]&amp#27;[39m No connected devices have been detected
[debug] &amp#27;[35m[ADB]&amp#27;[39m Could not find online devices
[debug] &amp#27;[35m[ADB]&amp#27;[39m Reconnecting adb (target offline)
[debug] &amp#27;[35m[ADB]&amp#27;[39m Running 'D:\sdk\platform-tools\adb.exe -P 5037 reconnect offline'
[debug] &amp#27;[35m[ADB]&amp#27;[39m Getting connected devices
[debug] &amp#27;[35m[ADB]&amp#27;[39m No connected devices have been detected
[debug] &amp#27;[35m[ADB]&amp#27;[39m Could not find online devices
[debug] &amp#27;[35m[ADB]&amp#27;[39m Reconnecting adb (target offline)
[debug] &amp#27;[35m[ADB]&amp#27;[39m Running 'D:\sdk\platform-tools\adb.exe -P 5037 reconnect offline'
[debug] &amp#27;[35m[ADB]&amp#27;[39m Getting connected devices
[debug] &amp#27;[35m[ADB]&amp#27;[39m No connected devices have been detected
[debug] &amp#27;[35m[ADB]&amp#27;[39m Could not find online devices
[debug] &amp#27;[35m[ADB]&amp#27;[39m Reconnecting adb (target offline)
[debug] &amp#27;[35m[ADB]&amp#27;[39m Running 'D:\sdk\platform-tools\adb.exe -P 5037 reconnect offline'
[debug] &amp#27;[35m[ADB]&amp#27;[39m Getting connected devices
[debug] &amp#27;[35m[ADB]&amp#27;[39m No connected devices have been detected
[debug] &amp#27;[35m[ADB]&amp#27;[39m Could not find online devices
[debug] &amp#27;[35m[ADB]&amp#27;[39m Reconnecting adb (target offline)
[debug] &amp#27;[35m[ADB]&amp#27;[39m Running 'D:\sdk\platform-tools\adb.exe -P 5037 reconnect offline'
[debug] &amp#27;[35m[ADB]&amp#27;[39m Getting connected devices
[debug] &amp#27;[35m[ADB]&amp#27;[39m No connected devices have been detected
[debug] &amp#27;[35m[ADB]&amp#27;[39m Could not find online devices
[debug] &amp#27;[35m[ADB]&amp#27;[39m Reconnecting adb (target offline)
[debug] &amp#27;[35m[ADB]&amp#27;[39m Running 'D:\sdk\platform-tools\adb.exe -P 5037 reconnect offline'
[debug] &amp#27;[35m[ADB]&amp#27;[39m Getting connected devices
[debug] &amp#27;[35m[ADB]&amp#27;[39m No connected devices have been detected
[debug] &amp#27;[35m[ADB]&amp#27;[39m Could not find online devices
[debug] &amp#27;[35m[ADB]&amp#27;[39m Reconnecting adb (target offline)
[debug] &amp#27;[35m[ADB]&amp#27;[39m Running 'D:\sdk\platform-tools\adb.exe -P 5037 reconnect offline'
[debug] &amp#27;[35m[ADB]&amp#27;[39m Getting connected devices
[debug] &amp#27;[35m[ADB]&amp#27;[39m No connected devices have been detected
[debug] &amp#27;[35m[ADB]&amp#27;[39m Could not find online devices
[debug] &amp#27;[35m[ADB]&amp#27;[39m Reconnecting adb (target offline)
[debug] &amp#27;[35m[ADB]&amp#27;[39m Running 'D:\sdk\platform-tools\adb.exe -P 5037 reconnect offline'
[debug] &amp#27;[35m[ADB]&amp#27;[39m Getting connected devices
[debug] &amp#27;[35m[ADB]&amp#27;[39m No connected devices have been detected
[debug] &amp#27;[35m[ADB]&amp#27;[39m Could not find online devices
[debug] &amp#27;[35m[ADB]&amp#27;[39m Reconnecting adb (target offline)
[debug] &amp#27;[35m[ADB]&amp#27;[39m Running 'D:\sdk\platform-tools\adb.exe -P 5037 reconnect offline'
[debug] &amp#27;[35m[ADB]&amp#27;[39m Getting connected devices
[debug] &amp#27;[35m[ADB]&amp#27;[39m No connected devices have been detected
[debug] &amp#27;[35m[ADB]&amp#27;[39m Could not find online devices
[debug] &amp#27;[35m[ADB]&amp#27;[39m Reconnecting adb (target offline)
[debug] &amp#27;[35m[ADB]&amp#27;[39m Running 'D:\sdk\platform-tools\adb.exe -P 5037 reconnect offline'
[debug] &amp#27;[35m[ADB]&amp#27;[39m Getting connected devices
[debug] &amp#27;[35m[ADB]&amp#27;[39m No connected devices have been detected
[debug] &amp#27;[35m[ADB]&amp#27;[39m Could not find online devices
[debug] &amp#27;[35m[ADB]&amp#27;[39m Reconnecting adb (target offline)
[debug] &amp#27;[35m[ADB]&amp#27;[39m Running 'D:\sdk\platform-tools\adb.exe -P 5037 reconnect offline'
[debug] &amp#27;[35m[ADB]&amp#27;[39m Getting connected devices
[debug] &amp#27;[35m[ADB]&amp#27;[39m No connected devices have been detected
[debug] &amp#27;[35m[ADB]&amp#27;[39m Could not find online devices
[debug] &amp#27;[35m[ADB]&amp#27;[39m Reconnecting adb (target offline)
[debug] &amp#27;[35m[ADB]&amp#27;[39m Running 'D:\sdk\platform-tools\adb.exe -P 5037 reconnect offline'
[debug] &amp#27;[35m[ADB]&amp#27;[39m Getting connected devices
[debug] &amp#27;[35m[ADB]&amp#27;[39m No connected devices have been detected
[debug] &amp#27;[35m[ADB]&amp#27;[39m Could not find online devices
[debug] &amp#27;[35m[ADB]&amp#27;[39m Reconnecting adb (target offline)
[debug] &amp#27;[35m[ADB]&amp#27;[39m Running 'D:\sdk\platform-tools\adb.exe -P 5037 reconnect offline'
[debug] &amp#27;[35m[ADB]&amp#27;[39m Getting connected devices
[debug] &amp#27;[35m[ADB]&amp#27;[39m No connected devices have been detected
[debug] &amp#27;[35m[ADB]&amp#27;[39m Could not find online devices
[debug] &amp#27;[35m[ADB]&amp#27;[39m Reconnecting adb (target offline)
[debug] &amp#27;[35m[ADB]&amp#27;[39m Running 'D:\sdk\platform-tools\adb.exe -P 5037 reconnect offline'
[debug] &amp#27;[35m[ADB]&amp#27;[39m Getting connected devices
[debug] &amp#27;[35m[ADB]&amp#27;[39m No connected devices have been detected
[debug] &amp#27;[35m[ADB]&amp#27;[39m Could not find online devices
[debug] &amp#27;[35m[ADB]&amp#27;[39m Reconnecting adb (target offline)
[debug] &amp#27;[35m[ADB]&amp#27;[39m Running 'D:\sdk\platform-tools\adb.exe -P 5037 reconnect offline'
[debug] &amp#27;[35m[ADB]&amp#27;[39m Getting connected devices
[debug] &amp#27;[35m[ADB]&amp#27;[39m No connected devices have been detected
[debug] &amp#27;[35m[ADB]&amp#27;[39m Could not find online devices
[debug] &amp#27;[35m[ADB]&amp#27;[39m Reconnecting adb (target offline)
[debug] &amp#27;[35m[ADB]&amp#27;[39m Running 'D:\sdk\platform-tools\adb.exe -P 5037 reconnect offline'
[debug] &amp#27;[35m[ADB]&amp#27;[39m Getting connected devices
[debug] &amp#27;[35m[ADB]&amp#27;[39m No connected devices have been detected
[debug] &amp#27;[35m[ADB]&amp#27;[39m Could not find online devices
[debug] &amp#27;[35m[ADB]&amp#27;[39m Reconnecting adb (target offline)
[debug] &amp#27;[35m[ADB]&amp#27;[39m Running 'D:\sdk\platform-tools\adb.exe -P 5037 reconnect offline'
[debug] &amp#27;[35m[ADB]&amp#27;[39m Getting connected devices
[debug] &amp#27;[35m[ADB]&amp#27;[39m No connected devices have been detected
[debug] &amp#27;[35m[ADB]&amp#27;[39m Could not find online devices
[debug] &amp#27;[35m[ADB]&amp#27;[39m Reconnecting adb (target offline)
[debug] &amp#27;[35m[ADB]&amp#27;[39m Running 'D:\sdk\platform-tools\adb.exe -P 5037 reconnect offline'
[debug] &amp#27;[35m[ADB]&amp#27;[39m Getting connected devices
[debug] &amp#27;[35m[ADB]&amp#27;[39m No connected devices have been detected
[debug] &amp#27;[35m[ADB]&amp#27;[39m Could not find online devices
[debug] &amp#27;[35m[ADB]&amp#27;[39m Reconnecting adb (target offline)
[debug] &amp#27;[35m[ADB]&amp#27;[39m Running 'D:\sdk\platform-tools\adb.exe -P 5037 reconnect offline'
[debug] &amp#27;[35m[ADB]&amp#27;[39m Getting connected devices
[debug] &amp#27;[35m[ADB]&amp#27;[39m No connected devices have been detected
[debug] &amp#27;[35m[ADB]&amp#27;[39m Could not find online devices
[debug] &amp#27;[35m[ADB]&amp#27;[39m Reconnecting adb (target offline)
[debug] &amp#27;[35m[ADB]&amp#27;[39m Running 'D:\sdk\platform-tools\adb.exe -P 5037 reconnect offline'
[debug] &amp#27;[35m[ADB]&amp#27;[39m Getting connected devices
[debug] &amp#27;[35m[ADB]&amp#27;[39m No connected devices have been detected
[debug] &amp#27;[35m[ADB]&amp#27;[39m Could not find online devices
[debug] &amp#27;[35m[ADB]&amp#27;[39m Reconnecting adb (target offline)
[debug] &amp#27;[35m[ADB]&amp#27;[39m Running 'D:\sdk\platform-tools\adb.exe -P 5037 reconnect offline'
[debug] &amp#27;[35m[ADB]&amp#27;[39m Getting connected devices
[debug] &amp#27;[35m[ADB]&amp#27;[39m No connected devices have been detected
[debug] &amp#27;[35m[ADB]&amp#27;[39m Could not find online devices
[debug] &amp#27;[35m[ADB]&amp#27;[39m Reconnecting adb (target offline)
[debug] &amp#27;[35m[ADB]&amp#27;[39m Running 'D:\sdk\platform-tools\adb.exe -P 5037 reconnect offline'
[debug] &amp#27;[35m[ADB]&amp#27;[39m Getting connected devices
[debug] &amp#27;[35m[ADB]&amp#27;[39m No connected devices have been detected
[debug] &amp#27;[35m[ADB]&amp#27;[39m Could not find online devices
[debug] &amp#27;[35m[ADB]&amp#27;[39m Reconnecting adb (target offline)
[debug] &amp#27;[35m[ADB]&amp#27;[39m Running 'D:\sdk\platform-tools\adb.exe -P 5037 reconnect offline'
[debug] &amp#27;[35m[ADB]&amp#27;[39m Getting connected devices
[debug] &amp#27;[35m[ADB]&amp#27;[39m No connected devices have been detected
[debug] &amp#27;[35m[ADB]&amp#27;[39m Could not find online devices
[debug] &amp#27;[35m[ADB]&amp#27;[39m Reconnecting adb (target offline)
[debug] &amp#27;[35m[ADB]&amp#27;[39m Running 'D:\sdk\platform-tools\adb.exe -P 5037 reconnect offline'
[debug] &amp#27;[35m[ADB]&amp#27;[39m Getting connected devices
[debug] &amp#27;[35m[ADB]&amp#27;[39m No connected devices have been detected
[debug] &amp#27;[35m[ADB]&amp#27;[39m Could not find online devices
[debug] &amp#27;[35m[ADB]&amp#27;[39m Reconnecting adb (target offline)
[debug] &amp#27;[35m[ADB]&amp#27;[39m Running 'D:\sdk\platform-tools\adb.exe -P 5037 reconnect offline'
[debug] &amp#27;[35m[UiAutomator2]&amp#27;[39m Deleting UiAutomator2 session
[debug] &amp#27;[35m[BaseDriver]&amp#27;[39m Event 'newSessionStarted' logged at 1618560864646 (11:14:24 GMT+0300 (GMT+03:00))
[debug] &amp#27;[35m[W3C]&amp#27;[39m Encountered internal error running command: Error: Could not find a connected Android device in 20274ms.
[debug] &amp#27;[35m[W3C]&amp#27;[39m     at getDevices (C:\Users\Ã–mer\AppData\Roaming\npm\node_modules\appium\node_modules\appium-adb\lib\tools\system-calls.js:266:13)
[debug] &amp#27;[35m[W3C]&amp#27;[39m     at getDevices (C:\Users\Ã–mer\AppData\Roaming\npm\node_modules\appium\node_modules\appium-adb\lib\tools\system-calls.js:283:18)
[debug] &amp#27;[35m[W3C]&amp#27;[39m     at getDevices (C:\Users\Ã–mer\AppData\Roaming\npm\node_modules\appium\node_modules\appium-adb\lib\tools\system-calls.js:283:12)
[debug] &amp#27;[35m[W3C]&amp#27;[39m     at getDevices (C:\Users\Ã–mer\AppData\Roaming\npm\node_modules\appium\node_modules\appium-adb\lib\tools\system-calls.js:283:12)
[debug] &amp#27;[35m[W3C]&amp#27;[39m     at getDevices (C:\Users\Ã–mer\AppData\Roaming\npm\node_modules\appium\node_modules\appium-adb\lib\tools\system-calls.js:283:12)
[debug] &amp#27;[35m[W3C]&amp#27;[39m     at getDevices (C:\Users\Ã–mer\AppData\Roaming\npm\node_modules\appium\node_modules\appium-adb\lib\tools\system-calls.js:283:12)
[debug] &amp#27;[35m[W3C]&amp#27;[39m     at getDevices (C:\Users\Ã–mer\AppData\Roaming\npm\node_modules\appium\node_modules\appium-adb\lib\tools\system-calls.js:283:12)
[debug] &amp#27;[35m[W3C]&amp#27;[39m     at getDevices (C:\Users\Ã–mer\AppData\Roaming\npm\node_modules\appium\node_modules\appium-adb\lib\tools\system-calls.js:283:12)
[...]
[debug] &amp#27;[35m[W3C]&amp#27;[39m Matched W3C error code 'no such element' to NoSuchElementError
[debug] &amp#27;[35m[BaseDriver]&amp#27;[39m Waited for 7102 ms so far
[debug] &amp#27;[35m[WD Proxy]&amp#27;[39m Matched '/element' to command name 'findElement'
[debug] &amp#27;[35m[WD Proxy]&amp#27;[39m Proxying [POST /element] to [POST http://127.0.0.1:8203/wd/hub/session/de072bf8-e81a-4947-87d5-91f96dd2a2fe/element] with body: {"strategy":"xpath","selector":"//android.widget.Button[@text='GÄ°RÄ°Å� YAP']","context":"","multiple":false}
&amp#27;[35m[WD Proxy]&amp#27;[39m Got response with status 404: {"sessionId":"de072bf8-e81a-4947-87d5-91f96dd2a2fe","value":{"error":"no such element","message":"An element could not be located on the page using the given search parameters","stacktrace":"io.appium.uiautomator2.common.exceptions.ElementNotFoundException: An element could not be located on the page using the given search parameters\n\tat io.appium.uiautomator2.handler.FindElement.findElement(FindElement.java:91)\n\tat io.appium.uiautomator2.handler.FindElement.safeHandle(FindElement.java:68)\n\tat io.appium.uiautomator2.handler.request.SafeRequestHandler.handle(SafeRequestHandler.java:41)\n\tat io.appium.uiautomator2.server.AppiumServlet.handleRequest(AppiumServlet.java:261)\n\tat io.appium.uiautomator2.server.AppiumServlet.handleHttpRequest(AppiumServlet.java:255)\n\tat io.appium.uiautomator2.http.ServerHandler.channelRead(ServerHandler.java:68)\n\tat io.netty.channel.AbstractChannelHandlerContext.invokeChannelRead(AbstractChannelHandlerContext.java:366)\n\tat io.netty.channel.AbstractChannelHandlerCont...
[debug] &amp#27;[35m[W3C]&amp#27;[39m Matched W3C error code 'no such element' to NoSuchElementError
[debug] &amp#27;[35m[BaseDriver]&amp#27;[39m Waited for 7828 ms so far
[debug] &amp#27;[35m[WD Proxy]&amp#27;[39m Matched '/element' to command name 'findElement'
[debug] &amp#27;[35m[WD Proxy]&amp#27;[39m Proxying [POST /element] to [POST http://127.0.0.1:8203/wd/hub/session/de072bf8-e81a-4947-87d5-91f96dd2a2fe/element] with body: {"strategy":"xpath","selector":"//android.widget.Button[@text='GÄ°RÄ°Å� YAP']","context":"","multiple":false}
&amp#27;[35m[WD Proxy]&amp#27;[39m Got response with status 404: {"sessionId":"de072bf8-e81a-4947-87d5-91f96dd2a2fe","value":{"error":"no such element","message":"An element could not be located on the page using the given search parameters","stacktrace":"io.appium.uiautomator2.common.exceptions.ElementNotFoundException: An element could not be located on the page using the given search parameters\n\tat io.appium.uiautomator2.handler.FindElement.findElement(FindElement.java:91)\n\tat io.appium.uiautomator2.handler.FindElement.safeHandle(FindElement.java:68)\n\tat io.appium.uiautomator2.handler.request.SafeRequestHandler.handle(SafeRequestHandler.java:41)\n\tat io.appium.uiautomator2.server.AppiumServlet.handleRequest(AppiumServlet.java:261)\n\tat io.appium.uiautomator2.server.AppiumServlet.handleHttpRequest(AppiumServlet.java:255)\n\tat io.appium.uiautomator2.http.ServerHandler.channelRead(ServerHandler.java:68)\n\tat io.netty.channel.AbstractChannelHandlerContext.invokeChannelRead(AbstractChannelHandlerContext.java:366)\n\tat io.netty.channel.AbstractChannelHandlerCont...
[debug] &amp#27;[35m[W3C]&amp#27;[39m Matched W3C error code 'no such element' to NoSuchElementError
[debug] &amp#27;[35m[BaseDriver]&amp#27;[39m Waited for 8584 ms so far
[debug] &amp#27;[35m[WD Proxy]&amp#27;[39m Matched '/element' to command name 'findElement'
[debug] &amp#27;[35m[WD Proxy]&amp#27;[39m Proxying [POST /element] to [POST http://127.0.0.1:8203/wd/hub/session/de072bf8-e81a-4947-87d5-91f96dd2a2fe/element] with body: {"strategy":"xpath","selector":"//android.widget.Button[@text='GÄ°RÄ°Å� YAP']","context":"","multiple":false}
&amp#27;[35m[WD Proxy]&amp#27;[39m Got response with status 404: {"sessionId":"de072bf8-e81a-4947-87d5-91f96dd2a2fe","value":{"error":"no such element","message":"An element could not be located on the page using the given search parameters","stacktrace":"io.appium.uiautomator2.common.exceptions.ElementNotFoundException: An element could not be located on the page using the given search parameters\n\tat io.appium.uiautomator2.handler.FindElement.findElement(FindElement.java:91)\n\tat io.appium.uiautomator2.handler.FindElement.safeHandle(FindElement.java:68)\n\tat io.appium.uiautomator2.handler.request.SafeRequestHandler.handle(SafeRequestHandler.java:41)\n\tat io.appium.uiautomator2.server.AppiumServlet.handleRequest(AppiumServlet.java:261)\n\tat io.appium.uiautomator2.server.AppiumServlet.handleHttpRequest(AppiumServlet.java:255)\n\tat io.appium.uiautomator2.http.ServerHandler.channelRead(ServerHandler.java:68)\n\tat io.netty.channel.AbstractChannelHandlerContext.invokeChannelRead(AbstractChannelHandlerContext.java:366)\n\tat io.netty.channel.AbstractChannelHandlerCont...
[debug] &amp#27;[35m[W3C]&amp#27;[39m Matched W3C error code 'no such element' to NoSuchElementError
[debug] &amp#27;[35m[BaseDriver]&amp#27;[39m Waited for 9318 ms so far
[debug] &amp#27;[35m[WD Proxy]&amp#27;[39m Matched '/element' to command name 'findElement'
[debug] &amp#27;[35m[WD Proxy]&amp#27;[39m Proxying [POST /element] to [POST http://127.0.0.1:8203/wd/hub/session/de072bf8-e81a-4947-87d5-91f96dd2a2fe/element] with body: {"strategy":"xpath","selector":"//android.widget.Button[@text='GÄ°RÄ°Å� YAP']","context":"","multiple":false}
&amp#27;[35m[WD Proxy]&amp#27;[39m Got response with status 404: {"sessionId":"de072bf8-e81a-4947-87d5-91f96dd2a2fe","value":{"error":"no such element","message":"An element could not be located on the page using the given search parameters","stacktrace":"io.appium.uiautomator2.common.exceptions.ElementNotFoundException: An element could not be located on the page using the given search parameters\n\tat io.appium.uiautomator2.handler.FindElement.findElement(FindElement.java:91)\n\tat io.appium.uiautomator2.handler.FindElement.safeHandle(FindElement.java:68)\n\tat io.appium.uiautomator2.handler.request.SafeRequestHandler.handle(SafeRequestHandler.java:41)\n\tat io.appium.uiautomator2.server.AppiumServlet.handleRequest(AppiumServlet.java:261)\n\tat io.appium.uiautomator2.server.AppiumServlet.handleHttpRequest(AppiumServlet.java:255)\n\tat io.appium.uiautomator2.http.ServerHandler.channelRead(ServerHandler.java:68)\n\tat io.netty.channel.AbstractChannelHandlerContext.invokeChannelRead(AbstractChannelHandlerContext.java:366)\n\tat io.netty.channel.AbstractChannelHandlerCont...
[debug] &amp#27;[35m[W3C]&amp#27;[39m Matched W3C error code 'no such element' to NoSuchElementError
[debug] &amp#27;[35m[BaseDriver]&amp#27;[39m Waited for 10028 ms so far
[debug] &amp#27;[35m[WD Proxy]&amp#27;[39m Matched '/element' to command name 'findElement'
[debug] &amp#27;[35m[WD Proxy]&amp#27;[39m Proxying [POST /element] to [POST http://127.0.0.1:8203/wd/hub/session/de072bf8-e81a-4947-87d5-91f96dd2a2fe/element] with body: {"strategy":"xpath","selector":"//android.widget.Button[@text='GÄ°RÄ°Å� YAP']","context":"","multiple":false}
&amp#27;[35m[WD Proxy]&amp#27;[39m Got response with status 404: {"sessionId":"de072bf8-e81a-4947-87d5-91f96dd2a2fe","value":{"error":"no such element","message":"An element could not be located on the page using the given search parameters","stacktrace":"io.appium.uiautomator2.common.exceptions.ElementNotFoundException: An element could not be located on the page using the given search parameters\n\tat io.appium.uiautomator2.handler.FindElement.findElement(FindElement.java:91)\n\tat io.appium.uiautomator2.handler.FindElement.safeHandle(FindElement.java:68)\n\tat io.appium.uiautomator2.handler.request.SafeRequestHandler.handle(SafeRequestHandler.java:41)\n\tat io.appium.uiautomator2.server.AppiumServlet.handleRequest(AppiumServlet.java:261)\n\tat io.appium.uiautomator2.server.AppiumServlet.handleHttpRequest(AppiumServlet.java:255)\n\tat io.appium.uiautomator2.http.ServerHandler.channelRead(ServerHandler.java:68)\n\tat io.netty.channel.AbstractChannelHandlerContext.invokeChannelRead(AbstractChannelHandlerContext.java:366)\n\tat io.netty.channel.AbstractChannelHandlerCont...
[debug] &amp#27;[35m[W3C]&amp#27;[39m Matched W3C error code 'no such element' to NoSuchElementError
[debug] &amp#27;[35m[BaseDriver]&amp#27;[39m Waited for 10732 ms so far
[debug] &amp#27;[35m[WD Proxy]&amp#27;[39m Matched '/element' to command name 'findElement'
[debug] &amp#27;[35m[WD Proxy]&amp#27;[39m Proxying [POST /element] to [POST http://127.0.0.1:8203/wd/hub/session/de072bf8-e81a-4947-87d5-91f96dd2a2fe/element] with body: {"strategy":"xpath","selector":"//android.widget.Button[@text='GÄ°RÄ°Å� YAP']","context":"","multiple":false}
&amp#27;[35m[WD Proxy]&amp#27;[39m Got response with status 404: {"sessionId":"de072bf8-e81a-4947-87d5-91f96dd2a2fe","value":{"error":"no such element","message":"An element could not be located on the page using the given search parameters","stacktrace":"io.appium.uiautomator2.common.exceptions.ElementNotFoundException: An element could not be located on the page using the given search parameters\n\tat io.appium.uiautomator2.handler.FindElement.findElement(FindElement.java:91)\n\tat io.appium.uiautomator2.handler.FindElement.safeHandle(FindElement.java:68)\n\tat io.appium.uiautomator2.handler.request.SafeRequestHandler.handle(SafeRequestHandler.java:41)\n\tat io.appium.uiautomator2.server.AppiumServlet.handleRequest(AppiumServlet.java:261)\n\tat io.appium.uiautomator2.server.AppiumServlet.handleHttpRequest(AppiumServlet.java:255)\n\tat io.appium.uiautomator2.http.ServerHandler.channelRead(ServerHandler.java:68)\n\tat io.netty.channel.AbstractChannelHandlerContext.invokeChannelRead(AbstractChannelHandlerContext.java:366)\n\tat io.netty.channel.AbstractChannelHandlerCont...
[debug] &amp#27;[35m[W3C]&amp#27;[39m Matched W3C error code 'no such element' to NoSuchElementError
[debug] &amp#27;[35m[BaseDriver]&amp#27;[39m Waited for 11423 ms so far
[debug] &amp#27;[35m[WD Proxy]&amp#27;[39m Matched '/element' to command name 'findElement'
[debug] &amp#27;[35m[WD Proxy]&amp#27;[39m Proxying [POST /element] to [POST http://127.0.0.1:8203/wd/hub/session/de072bf8-e81a-4947-87d5-91f96dd2a2fe/element] with body: {"strategy":"xpath","selector":"//android.widget.Button[@text='GÄ°RÄ°Å� YAP']","context":"","multiple":false}
&amp#27;[35m[WD Proxy]&amp#27;[39m Got response with status 404: {"sessionId":"de072bf8-e81a-4947-87d5-91f96dd2a2fe","value":{"error":"no such element","message":"An element could not be located on the page using the given search parameters","stacktrace":"io.appium.uiautomator2.common.exceptions.ElementNotFoundException: An element could not be located on the page using the given search parameters\n\tat io.appium.uiautomator2.handler.FindElement.findElement(FindElement.java:91)\n\tat io.appium.uiautomator2.handler.FindElement.safeHandle(FindElement.java:68)\n\tat io.appium.uiautomator2.handler.request.SafeRequestHandler.handle(SafeRequestHandler.java:41)\n\tat io.appium.uiautomator2.server.AppiumServlet.handleRequest(AppiumServlet.java:261)\n\tat io.appium.uiautomator2.server.AppiumServlet.handleHttpRequest(AppiumServlet.java:255)\n\tat io.appium.uiautomator2.http.ServerHandler.channelRead(ServerHandler.java:68)\n\tat io.netty.channel.AbstractChannelHandlerContext.invokeChannelRead(AbstractChannelHandlerContext.java:366)\n\tat io.netty.channel.AbstractChannelHandlerCont...
[debug] &amp#27;[35m[W3C]&amp#27;[39m Matched W3C error code 'no such element' to NoSuchElementError
[debug] &amp#27;[35m[BaseDriver]&amp#27;[39m Waited for 12142 ms so far
[debug] &amp#27;[35m[WD Proxy]&amp#27;[39m Matched '/element' to command name 'findElement'
[debug] &amp#27;[35m[WD Proxy]&amp#27;[39m Proxying [POST /element] to [POST http://127.0.0.1:8203/wd/hub/session/de072bf8-e81a-4947-87d5-91f96dd2a2fe/element] with body: {"strategy":"xpath","selector":"//android.widget.Button[@text='GÄ°RÄ°Å� YAP']","context":"","multiple":false}
&amp#27;[35m[WD Proxy]&amp#27;[39m Got response with status 404: {"sessionId":"de072bf8-e81a-4947-87d5-91f96dd2a2fe","value":{"error":"no such element","message":"An element could not be located on the page using the given search parameters","stacktrace":"io.appium.uiautomator2.common.exceptions.ElementNotFoundException: An element could not be located on the page using the given search parameters\n\tat io.appium.uiautomator2.handler.FindElement.findElement(FindElement.java:91)\n\tat io.appium.uiautomator2.handler.FindElement.safeHandle(FindElement.java:68)\n\tat io.appium.uiautomator2.handler.request.SafeRequestHandler.handle(SafeRequestHandler.java:41)\n\tat io.appium.uiautomator2.server.AppiumServlet.handleRequest(AppiumServlet.java:261)\n\tat io.appium.uiautomator2.server.AppiumServlet.handleHttpRequest(AppiumServlet.java:255)\n\tat io.appium.uiautomator2.http.ServerHandler.channelRead(ServerHandler.java:68)\n\tat io.netty.channel.AbstractChannelHandlerContext.invokeChannelRead(AbstractChannelHandlerContext.java:366)\n\tat io.netty.channel.AbstractChannelHandlerCont...
[debug] &amp#27;[35m[W3C]&amp#27;[39m Matched W3C error code 'no such element' to NoSuchElementError
[debug] &amp#27;[35m[BaseDriver]&amp#27;[39m Waited for 12821 ms so far
[debug] &amp#27;[35m[WD Proxy]&amp#27;[39m Matched '/element' to command name 'findElement'
[debug] &amp#27;[35m[WD Proxy]&amp#27;[39m Proxying [POST /element] to [POST http://127.0.0.1:8203/wd/hub/session/de072bf8-e81a-4947-87d5-91f96dd2a2fe/element] with body: {"strategy":"xpath","selector":"//android.widget.Button[@text='GÄ°RÄ°Å� YAP']","context":"","multiple":false}
&amp#27;[35m[WD Proxy]&amp#27;[39m Got response with status 404: {"sessionId":"de072bf8-e81a-4947-87d5-91f96dd2a2fe","value":{"error":"no such element","message":"An element could not be located on the page using the given search parameters","stacktrace":"io.appium.uiautomator2.common.exceptions.ElementNotFoundException: An element could not be located on the page using the given search parameters\n\tat io.appium.uiautomator2.handler.FindElement.findElement(FindElement.java:91)\n\tat io.appium.uiautomator2.handler.FindElement.safeHandle(FindElement.java:68)\n\tat io.appium.uiautomator2.handler.request.SafeRequestHandler.handle(SafeRequestHandler.java:41)\n\tat io.appium.uiautomator2.server.AppiumServlet.handleRequest(AppiumServlet.java:261)\n\tat io.appium.uiautomator2.server.AppiumServlet.handleHttpRequest(AppiumServlet.java:255)\n\tat io.appium.uiautomator2.http.ServerHandler.channelRead(ServerHandler.java:68)\n\tat io.netty.channel.AbstractChannelHandlerContext.invokeChannelRead(AbstractChannelHandlerContext.java:366)\n\tat io.netty.channel.AbstractChannelHandlerCont...
[debug] &amp#27;[35m[W3C]&amp#27;[39m Matched W3C error code 'no such element' to NoSuchElementError
[debug] &amp#27;[35m[BaseDriver]&amp#27;[39m Waited for 13540 ms so far
[debug] &amp#27;[35m[WD Proxy]&amp#27;[39m Matched '/element' to command name 'findElement'
[debug] &amp#27;[35m[WD Proxy]&amp#27;[39m Proxying [POST /element] to [POST http://127.0.0.1:8203/wd/hub/session/de072bf8-e81a-4947-87d5-91f96dd2a2fe/element] with body: {"strategy":"xpath","selector":"//android.widget.Button[@text='GÄ°RÄ°Å� YAP']","context":"","multiple":false}
&amp#27;[35m[WD Proxy]&amp#27;[39m Got response with status 404: {"sessionId":"de072bf8-e81a-4947-87d5-91f96dd2a2fe","value":{"error":"no such element","message":"An element could not be located on the page using the given search parameters","stacktrace":"io.appium.uiautomator2.common.exceptions.ElementNotFoundException: An element could not be located on the page using the given search parameters\n\tat io.appium.uiautomator2.handler.FindElement.findElement(FindElement.java:91)\n\tat io.appium.uiautomator2.handler.FindElement.safeHandle(FindElement.java:68)\n\tat io.appium.uiautomator2.handler.request.SafeRequestHandler.handle(SafeRequestHandler.java:41)\n\tat io.appium.uiautomator2.server.AppiumServlet.handleRequest(AppiumServlet.java:261)\n\tat io.appium.uiautomator2.server.AppiumServlet.handleHttpRequest(AppiumServlet.java:255)\n\tat io.appium.uiautomator2.http.ServerHandler.channelRead(ServerHandler.java:68)\n\tat io.netty.channel.AbstractChannelHandlerContext.invokeChannelRead(AbstractChannelHandlerContext.java:366)\n\tat io.netty.channel.AbstractChannelHandlerCont...
[debug] &amp#27;[35m[W3C]&amp#27;[39m Matched W3C error code 'no such element' to NoSuchElementError
[debug] &amp#27;[35m[BaseDriver]&amp#27;[39m Waited for 14690 ms so far
[debug] &amp#27;[35m[WD Proxy]&amp#27;[39m Matched '/element' to command name 'findElement'
[debug] &amp#27;[35m[WD Proxy]&amp#27;[39m Proxying [POST /element] to [POST http://127.0.0.1:8203/wd/hub/session/de072bf8-e81a-4947-87d5-91f96dd2a2fe/element] with body: {"strategy":"xpath","selector":"//android.widget.Button[@text='GÄ°RÄ°Å� YAP']","context":"","multiple":false}
&amp#27;[35m[WD Proxy]&amp#27;[39m Got response with status 404: {"sessionId":"de072bf8-e81a-4947-87d5-91f96dd2a2fe","value":{"error":"no such element","message":"An element could not be located on the page using the given search parameters","stacktrace":"io.appium.uiautomator2.common.exceptions.ElementNotFoundException: An element could not be located on the page using the given search parameters\n\tat io.appium.uiautomator2.handler.FindElement.findElement(FindElement.java:91)\n\tat io.appium.uiautomator2.handler.FindElement.safeHandle(FindElement.java:68)\n\tat io.appium.uiautomator2.handler.request.SafeRequestHandler.handle(SafeRequestHandler.java:41)\n\tat io.appium.uiautomator2.server.AppiumServlet.handleRequest(AppiumServlet.java:261)\n\tat io.appium.uiautomator2.server.AppiumServlet.handleHttpRequest(AppiumServlet.java:255)\n\tat io.appium.uiautomator2.http.ServerHandler.channelRead(ServerHandler.java:68)\n\tat io.netty.channel.AbstractChannelHandlerContext.invokeChannelRead(AbstractChannelHandlerContext.java:366)\n\tat io.netty.channel.AbstractChannelHandlerCont...
[debug] &amp#27;[35m[W3C]&amp#27;[39m Matched W3C error code 'no such element' to NoSuchElementError
[debug] &amp#27;[35m[W3C (8f87ed22)]&amp#27;[39m Encountered internal error running command: NoSuchElementError: An element could not be located on the page using the given search parameters.
[debug] &amp#27;[35m[W3C (8f87ed22)]&amp#27;[39m     at AndroidUiautomator2Driver.findElOrEls (C:\Users\Ã–mer\AppData\Roaming\npm\node_modules\appium\node_modules\appium-android-driver\lib\commands\find.js:75:11)
[debug] &amp#27;[35m[W3C (8f87ed22)]&amp#27;[39m     at runMicrotasks (<anonymous>)
[debug] &amp#27;[35m[W3C (8f87ed22)]&amp#27;[39m     at processTicksAndRejections (internal/process/task_queues.js:93:5)
[debug] &amp#27;[35m[W3C (8f87ed22)]&amp#27;[39m     at AndroidUiautomator2Driver.findElOrElsWithProcessing (C:\Users\Ã–mer\AppData\Roaming\npm\node_modules\appium\node_modules\appium-base-driver\lib\basedriver\commands\find.js:33:12)
[debug] &amp#27;[35m[W3C (8f87ed22)]&amp#27;[39m     at AndroidUiautomator2Driver.findElement (C:\Users\Ã–mer\AppData\Roaming\npm\node_modules\appium\node_modules\appium-base-driver\lib\basedriver\commands\find.js:53:10)
&amp#27;[35m[HTTP]&amp#27;[39m &amp#27;[37m<-- POST /wd/hub/session/8f87ed22-f51b-4a2f-865c-992faf112a2e/element &amp#27;[39m&amp#27;[33m404&amp#27;[39m &amp#27;[90m15376 ms - 914&amp#27;[39m
&amp#27;[35m[HTTP]&amp#27;[39m &amp#27;[90m&amp#27;[39m
]]></system-out>
    <system-err><![CDATA[Nis 16, 2021 11:17:20 AM io.appium.java_client.remote.AppiumCommandExecutor$1 lambda$0
INFO: Detected dialect: W3C
]]></system-err>
  </testcase>
</testsuite>